
This GDB supports auto-downloading debuginfo from the following URLs:
  <https://debuginfod.ubuntu.com>
Enable debuginfod for this session? (y or [n]) [answered N; input not from terminal]
Debuginfod has been disabled.
To make this setting permanent, add 'set debuginfod enabled off' to .gdbinit.
[Thread debugging using libthread_db enabled]
Using host libthread_db library "/usr/lib/x86_64-linux-gnu/libthread_db.so.1".
[New Thread 0x7ffff0cdb6c0 (LWP 17812)]
[New Thread 0x7fffeafff6c0 (LWP 17813)]
[New Thread 0x7fffea7fe6c0 (LWP 17814)]
[New Thread 0x7fffe9ffd6c0 (LWP 17815)]
[New Thread 0x7fffe97fc6c0 (LWP 17816)]
[New Thread 0x7fffe8ffb6c0 (LWP 17817)]
[New Thread 0x7fffdbfff6c0 (LWP 17818)]
[New Thread 0x7fffdb7fe6c0 (LWP 17819)]
[New Thread 0x7fffdaffd6c0 (LWP 17820)]
[New Thread 0x7fffd9dff6c0 (LWP 17822)]
[New Thread 0x7fffd95fe6c0 (LWP 17823)]
[New Thread 0x7fffd8dfd6c0 (LWP 17824)]
[New Thread 0x7fffc51ff6c0 (LWP 17825)]
[New Thread 0x7fffc49fe6c0 (LWP 17826)]
[New Thread 0x7fffb79ff6c0 (LWP 17827)]
[New Thread 0x7fffb63ff6c0 (LWP 17828)]
[New Thread 0x7fffb5bfe6c0 (LWP 17829)]
[New Thread 0x7fffb512e6c0 (LWP 17830)]
[New Thread 0x7fffb492d6c0 (LWP 17831)]
[Thread 0x7fffb492d6c0 (LWP 17831) exited]
[Thread 0x7fffb512e6c0 (LWP 17830) exited]
[Thread 0x7fffb5bfe6c0 (LWP 17829) exited]
[Thread 0x7fffb63ff6c0 (LWP 17828) exited]
[New Thread 0x7fffb63ff6c0 (LWP 17832)]
[New Thread 0x7fffb5bfe6c0 (LWP 17833)]
[New Thread 0x7fffb512e6c0 (LWP 17834)]
[New Thread 0x7fffb492d6c0 (LWP 17835)]
[New Thread 0x7fff8f9ff6c0 (LWP 17836)]
[New Thread 0x7fff8f1fe6c0 (LWP 17837)]
[New Thread 0x7fff8e7fd6c0 (LWP 17838)]
[New Thread 0x7fff8dffc6c0 (LWP 17839)]
[New Thread 0x7fff8d5fb6c0 (LWP 17840)]
[New Thread 0x7fff8cdfa6c0 (LWP 17841)]
[New Thread 0x7fff73fff6c0 (LWP 17842)]
[New Thread 0x7fff737fe6c0 (LWP 17843)]
[New Thread 0x7fff718f66c0 (LWP 17879)]
[New Thread 0x7fff710f56c0 (LWP 17880)]
[New Thread 0x7fff708f46c0 (LWP 17881)]
[New Thread 0x7fff57fff6c0 (LWP 17882)]
qt.qpa.wayland.textinput: virtual void QtWaylandClient::QWaylandTextInputv3::disableSurface(wl_surface*) Try to disable surface 0x5555558150d0 with focusing surface 0x55555611fd90
[New Thread 0x7fff563fe6c0 (LWP 17886)]
[New Thread 0x7fff561fd6c0 (LWP 17887)]
[New Thread 0x7fff55ffc6c0 (LWP 17888)]
[New Thread 0x7fff55dfb6c0 (LWP 17889)]
[Detaching after fork from child process 17890]
[New Thread 0x7fff55bfa6c0 (LWP 17893)]
[Detaching after fork from child process 17894]
[New Thread 0x7fff559f96c0 (LWP 17902)]
[New Thread 0x7fff557f86c0 (LWP 17903)]
[New Thread 0x7fff555f76c0 (LWP 17904)]
[New Thread 0x7fff550446c0 (LWP 17905)]
[New Thread 0x7fff54e436c0 (LWP 17906)]
[New Thread 0x7fff54c426c0 (LWP 17907)]
[New Thread 0x7fff54a416c0 (LWP 17908)]
[New Thread 0x7fff548406c0 (LWP 17909)]
[New Thread 0x7fff5463f6c0 (LWP 17910)]
[New Thread 0x7fff5443e6c0 (LWP 17911)]
[New Thread 0x7fff5423d6c0 (LWP 17912)]
[New Thread 0x7fff4d7ff6c0 (LWP 17913)]
[New Thread 0x7fff4d5fe6c0 (LWP 17914)]
[New Thread 0x7fff4d3fd6c0 (LWP 17915)]
[New Thread 0x7fff4d1fc6c0 (LWP 17916)]
[New Thread 0x7fff4cffb6c0 (LWP 17917)]
[New Thread 0x7fff4cdfa6c0 (LWP 17918)]
[New Thread 0x7fff4cbf96c0 (LWP 17919)]
[New Thread 0x7fff4c9f86c0 (LWP 17920)]
[New Thread 0x7fff4c7f76c0 (LWP 17921)]
[New Thread 0x7fff4c5f66c0 (LWP 17922)]
[New Thread 0x7fff4c3f56c0 (LWP 17923)]
[Thread 0x7fff4c3f56c0 (LWP 17923) exited]
[Thread 0x7fff4c5f66c0 (LWP 17922) exited]
[Thread 0x7fff4c7f76c0 (LWP 17921) exited]
[Thread 0x7fff4c9f86c0 (LWP 17920) exited]
[Thread 0x7fff4cbf96c0 (LWP 17919) exited]
[Thread 0x7fff4cdfa6c0 (LWP 17918) exited]
[Thread 0x7fff4cffb6c0 (LWP 17917) exited]
[Thread 0x7fff4d1fc6c0 (LWP 17916) exited]
[Thread 0x7fff4d3fd6c0 (LWP 17915) exited]
[Thread 0x7fff4d5fe6c0 (LWP 17914) exited]
[Thread 0x7fff4d7ff6c0 (LWP 17913) exited]
[Thread 0x7fff5423d6c0 (LWP 17912) exited]
[Thread 0x7fff5443e6c0 (LWP 17911) exited]
[Thread 0x7fff5463f6c0 (LWP 17910) exited]
[Thread 0x7fff548406c0 (LWP 17909) exited]
[Thread 0x7fff54a416c0 (LWP 17908) exited]
[Thread 0x7fff54c426c0 (LWP 17907) exited]
[Thread 0x7fff54e436c0 (LWP 17906) exited]
[Thread 0x7fff550446c0 (LWP 17905) exited]
[Thread 0x7fff555f76c0 (LWP 17904) exited]
[Thread 0x7fff557f86c0 (LWP 17903) exited]
[Thread 0x7fff559f96c0 (LWP 17902) exited]
[New Thread 0x7fff559f96c0 (LWP 17925)]
[New Thread 0x7fff4d7ff6c0 (LWP 17926)]
[New Thread 0x7fff4d1fc6c0 (LWP 17927)]
[New Thread 0x7fff4c9f86c0 (LWP 17928)]
[New Thread 0x7fff4cdfa6c0 (LWP 17929)]
[New Thread 0x7fff5443e6c0 (LWP 17930)]
[New Thread 0x7fff5423d6c0 (LWP 17931)]
[New Thread 0x7fff4d3fd6c0 (LWP 17932)]
[New Thread 0x7fff550446c0 (LWP 17933)]
[New Thread 0x7fff54a416c0 (LWP 17934)]
[New Thread 0x7fff54c426c0 (LWP 17935)]
[New Thread 0x7fff4c5f66c0 (LWP 17936)]
[New Thread 0x7fff548406c0 (LWP 17937)]
[New Thread 0x7fff5463f6c0 (LWP 17938)]
[New Thread 0x7fff54e436c0 (LWP 17939)]
[New Thread 0x7fff4cbf96c0 (LWP 17940)]
[New Thread 0x7fff4c7f76c0 (LWP 17941)]
[New Thread 0x7fff555f76c0 (LWP 17942)]
[New Thread 0x7fff4d5fe6c0 (LWP 17943)]
[New Thread 0x7fff557f86c0 (LWP 17944)]
[New Thread 0x7fff4cffb6c0 (LWP 17945)]
[New Thread 0x7fff4c3f56c0 (LWP 17946)]
[Thread 0x7fff4c3f56c0 (LWP 17946) exited]
[Thread 0x7fff4cffb6c0 (LWP 17945) exited]
[Thread 0x7fff557f86c0 (LWP 17944) exited]
[Thread 0x7fff4d5fe6c0 (LWP 17943) exited]
[Thread 0x7fff555f76c0 (LWP 17942) exited]
[Thread 0x7fff4c7f76c0 (LWP 17941) exited]
[Thread 0x7fff4cbf96c0 (LWP 17940) exited]
[Thread 0x7fff54e436c0 (LWP 17939) exited]
[Thread 0x7fff5463f6c0 (LWP 17938) exited]
[Thread 0x7fff548406c0 (LWP 17937) exited]
[Thread 0x7fff4c5f66c0 (LWP 17936) exited]
[Thread 0x7fff54c426c0 (LWP 17935) exited]
[Thread 0x7fff54a416c0 (LWP 17934) exited]
[Thread 0x7fff4d3fd6c0 (LWP 17932) exited]
[Thread 0x7fff5423d6c0 (LWP 17931) exited]
[Thread 0x7fff5443e6c0 (LWP 17930) exited]
[Thread 0x7fff4cdfa6c0 (LWP 17929) exited]
[Thread 0x7fff4d1fc6c0 (LWP 17927) exited]
[Thread 0x7fff4d7ff6c0 (LWP 17926) exited]
[Thread 0x7fff559f96c0 (LWP 17925) exited]
[Thread 0x7fff550446c0 (LWP 17933) exited]
[Thread 0x7fff4c9f86c0 (LWP 17928) exited]
[New Thread 0x7fff550446c0 (LWP 17948)]
[New Thread 0x7fff555f76c0 (LWP 17949)]
[New Thread 0x7fff4d5fe6c0 (LWP 17950)]
[New Thread 0x7fff5423d6c0 (LWP 17951)]
[New Thread 0x7fff4cbf96c0 (LWP 17952)]
[New Thread 0x7fff4c3f56c0 (LWP 17953)]
[New Thread 0x7fff4c7f76c0 (LWP 17954)]
[New Thread 0x7fff559f96c0 (LWP 17955)]
[New Thread 0x7fff4cdfa6c0 (LWP 17956)]
[New Thread 0x7fff557f86c0 (LWP 17957)]
[New Thread 0x7fff4d3fd6c0 (LWP 17958)]
[New Thread 0x7fff4c5f66c0 (LWP 17959)]
[New Thread 0x7fff4cffb6c0 (LWP 17960)]
[New Thread 0x7fff4d1fc6c0 (LWP 17961)]
[New Thread 0x7fff5443e6c0 (LWP 17962)]
[New Thread 0x7fff4c9f86c0 (LWP 17963)]
[New Thread 0x7fff54c426c0 (LWP 17964)]
[New Thread 0x7fff548406c0 (LWP 17965)]
[New Thread 0x7fff4d7ff6c0 (LWP 17966)]
[New Thread 0x7fff54e436c0 (LWP 17967)]
[New Thread 0x7fff54a416c0 (LWP 17968)]
[New Thread 0x7fff5463f6c0 (LWP 17969)]
[Thread 0x7fff5463f6c0 (LWP 17969) exited]
[Thread 0x7fff54a416c0 (LWP 17968) exited]
[Thread 0x7fff54e436c0 (LWP 17967) exited]
[Thread 0x7fff4d7ff6c0 (LWP 17966) exited]
[Thread 0x7fff548406c0 (LWP 17965) exited]
[Thread 0x7fff54c426c0 (LWP 17964) exited]
[Thread 0x7fff4c9f86c0 (LWP 17963) exited]
[Thread 0x7fff5443e6c0 (LWP 17962) exited]
[Thread 0x7fff4d1fc6c0 (LWP 17961) exited]
[Thread 0x7fff4cffb6c0 (LWP 17960) exited]
[Thread 0x7fff4c5f66c0 (LWP 17959) exited]
[Thread 0x7fff557f86c0 (LWP 17957) exited]
[Thread 0x7fff4cdfa6c0 (LWP 17956) exited]
[Thread 0x7fff4c3f56c0 (LWP 17953) exited]
[Thread 0x7fff4cbf96c0 (LWP 17952) exited]
[Thread 0x7fff5423d6c0 (LWP 17951) exited]
[Thread 0x7fff4d3fd6c0 (LWP 17958) exited]
[Thread 0x7fff4d5fe6c0 (LWP 17950) exited]
[Thread 0x7fff555f76c0 (LWP 17949) exited]
[Thread 0x7fff550446c0 (LWP 17948) exited]
[Thread 0x7fff559f96c0 (LWP 17955) exited]
[Thread 0x7fff4c7f76c0 (LWP 17954) exited]
[New Thread 0x7fff559f96c0 (LWP 17972)]
[New Thread 0x7fff4cdfa6c0 (LWP 17973)]
[New Thread 0x7fff4c3f56c0 (LWP 17974)]
[New Thread 0x7fff5463f6c0 (LWP 17975)]
[New Thread 0x7fff54a416c0 (LWP 17976)]
[New Thread 0x7fff4d1fc6c0 (LWP 17977)]
[New Thread 0x7fff5443e6c0 (LWP 17978)]
[New Thread 0x7fff4c9f86c0 (LWP 17979)]
[New Thread 0x7fff4d7ff6c0 (LWP 17980)]
[New Thread 0x7fff548406c0 (LWP 17981)]
[New Thread 0x7fff557f86c0 (LWP 17982)]
[New Thread 0x7fff4d3fd6c0 (LWP 17983)]
[New Thread 0x7fff54c426c0 (LWP 17984)]
[New Thread 0x7fff4c7f76c0 (LWP 17985)]
[New Thread 0x7fff4cbf96c0 (LWP 17986)]
[New Thread 0x7fff5423d6c0 (LWP 17987)]
[New Thread 0x7fff4d5fe6c0 (LWP 17988)]
[New Thread 0x7fff4cffb6c0 (LWP 17989)]
[New Thread 0x7fff54e436c0 (LWP 17990)]
[New Thread 0x7fff555f76c0 (LWP 17991)]
[New Thread 0x7fff550446c0 (LWP 17992)]
[New Thread 0x7fff4c5f66c0 (LWP 17993)]
[Thread 0x7fff4c5f66c0 (LWP 17993) exited]
[Thread 0x7fff550446c0 (LWP 17992) exited]
[Thread 0x7fff555f76c0 (LWP 17991) exited]
[Thread 0x7fff54e436c0 (LWP 17990) exited]
[Thread 0x7fff4cffb6c0 (LWP 17989) exited]
[Thread 0x7fff4d5fe6c0 (LWP 17988) exited]
[Thread 0x7fff5423d6c0 (LWP 17987) exited]
[Thread 0x7fff4cbf96c0 (LWP 17986) exited]
[Thread 0x7fff4c7f76c0 (LWP 17985) exited]
[Thread 0x7fff54c426c0 (LWP 17984) exited]
[Thread 0x7fff4d3fd6c0 (LWP 17983) exited]
[Thread 0x7fff557f86c0 (LWP 17982) exited]
[Thread 0x7fff548406c0 (LWP 17981) exited]
[Thread 0x7fff4d7ff6c0 (LWP 17980) exited]
[Thread 0x7fff4c9f86c0 (LWP 17979) exited]
[Thread 0x7fff5443e6c0 (LWP 17978) exited]
[Thread 0x7fff4d1fc6c0 (LWP 17977) exited]
[Thread 0x7fff54a416c0 (LWP 17976) exited]
[Thread 0x7fff5463f6c0 (LWP 17975) exited]
[Thread 0x7fff4c3f56c0 (LWP 17974) exited]
[Thread 0x7fff4cdfa6c0 (LWP 17973) exited]
[Thread 0x7fff559f96c0 (LWP 17972) exited]
[New Thread 0x7fff5423d6c0 (LWP 17995)]
[New Thread 0x7fff4cffb6c0 (LWP 17996)]
[New Thread 0x7fff555f76c0 (LWP 17997)]
[New Thread 0x7fff4c3f56c0 (LWP 17998)]
[New Thread 0x7fff548406c0 (LWP 17999)]
[New Thread 0x7fff4d1fc6c0 (LWP 18000)]
[New Thread 0x7fff54e436c0 (LWP 18001)]
[New Thread 0x7fff4d3fd6c0 (LWP 18002)]
[New Thread 0x7fff4c7f76c0 (LWP 18003)]
[New Thread 0x7fff5463f6c0 (LWP 18004)]
[New Thread 0x7fff4cbf96c0 (LWP 18005)]
[New Thread 0x7fff4c9f86c0 (LWP 18006)]
[New Thread 0x7fff54c426c0 (LWP 18007)]
[New Thread 0x7fff4d5fe6c0 (LWP 18008)]
[New Thread 0x7fff4d7ff6c0 (LWP 18009)]
[New Thread 0x7fff550446c0 (LWP 18010)]
[New Thread 0x7fff559f96c0 (LWP 18011)]
[New Thread 0x7fff54a416c0 (LWP 18012)]
[New Thread 0x7fff557f86c0 (LWP 18013)]
[New Thread 0x7fff5443e6c0 (LWP 18014)]
[New Thread 0x7fff4cdfa6c0 (LWP 18015)]
[New Thread 0x7fff4c5f66c0 (LWP 18016)]
[Thread 0x7fff4cdfa6c0 (LWP 18015) exited]
[Thread 0x7fff5443e6c0 (LWP 18014) exited]
[Thread 0x7fff557f86c0 (LWP 18013) exited]
[Thread 0x7fff54a416c0 (LWP 18012) exited]
[Thread 0x7fff559f96c0 (LWP 18011) exited]
[Thread 0x7fff550446c0 (LWP 18010) exited]
[Thread 0x7fff4c5f66c0 (LWP 18016) exited]
[Thread 0x7fff4d7ff6c0 (LWP 18009) exited]
[Thread 0x7fff4d5fe6c0 (LWP 18008) exited]
[Thread 0x7fff54c426c0 (LWP 18007) exited]
[Thread 0x7fff4c9f86c0 (LWP 18006) exited]
[Thread 0x7fff4cbf96c0 (LWP 18005) exited]
[Thread 0x7fff5463f6c0 (LWP 18004) exited]
[Thread 0x7fff4c7f76c0 (LWP 18003) exited]
[Thread 0x7fff4d3fd6c0 (LWP 18002) exited]
[Thread 0x7fff4d1fc6c0 (LWP 18000) exited]
[Thread 0x7fff54e436c0 (LWP 18001) exited]
[Thread 0x7fff548406c0 (LWP 17999) exited]
[Thread 0x7fff4c3f56c0 (LWP 17998) exited]
[Thread 0x7fff555f76c0 (LWP 17997) exited]
[Thread 0x7fff4cffb6c0 (LWP 17996) exited]
[Thread 0x7fff5423d6c0 (LWP 17995) exited]
[New Thread 0x7fff54e436c0 (LWP 18018)]
[New Thread 0x7fff4c5f66c0 (LWP 18019)]
[New Thread 0x7fff4d3fd6c0 (LWP 18020)]
[New Thread 0x7fff548406c0 (LWP 18021)]
[New Thread 0x7fff4cdfa6c0 (LWP 18022)]
[New Thread 0x7fff54c426c0 (LWP 18023)]
[New Thread 0x7fff4d1fc6c0 (LWP 18024)]
[New Thread 0x7fff559f96c0 (LWP 18025)]
[New Thread 0x7fff5443e6c0 (LWP 18026)]
[New Thread 0x7fff54a416c0 (LWP 18027)]
[New Thread 0x7fff4c3f56c0 (LWP 18028)]
[New Thread 0x7fff4cbf96c0 (LWP 18029)]
[New Thread 0x7fff4cffb6c0 (LWP 18030)]
[New Thread 0x7fff550446c0 (LWP 18031)]
[New Thread 0x7fff4d7ff6c0 (LWP 18032)]
[New Thread 0x7fff557f86c0 (LWP 18033)]
[New Thread 0x7fff5423d6c0 (LWP 18034)]
[New Thread 0x7fff555f76c0 (LWP 18035)]
[New Thread 0x7fff5463f6c0 (LWP 18036)]
[New Thread 0x7fff4d5fe6c0 (LWP 18037)]
[New Thread 0x7fff4c9f86c0 (LWP 18038)]
[New Thread 0x7fff4c7f76c0 (LWP 18039)]
[Thread 0x7fff5423d6c0 (LWP 18034) exited]
[Thread 0x7fff4c9f86c0 (LWP 18038) exited]
[Thread 0x7fff5463f6c0 (LWP 18036) exited]
[Thread 0x7fff4c7f76c0 (LWP 18039) exited]
[Thread 0x7fff4d7ff6c0 (LWP 18032) exited]
[Thread 0x7fff550446c0 (LWP 18031) exited]
[Thread 0x7fff555f76c0 (LWP 18035) exited]
[Thread 0x7fff4cffb6c0 (LWP 18030) exited]
[Thread 0x7fff4cbf96c0 (LWP 18029) exited]
[Thread 0x7fff4c3f56c0 (LWP 18028) exited]
[Thread 0x7fff54a416c0 (LWP 18027) exited]
[Thread 0x7fff4d5fe6c0 (LWP 18037) exited]
[Thread 0x7fff5443e6c0 (LWP 18026) exited]
[Thread 0x7fff559f96c0 (LWP 18025) exited]
[Thread 0x7fff54c426c0 (LWP 18023) exited]
[Thread 0x7fff4cdfa6c0 (LWP 18022) exited]
[Thread 0x7fff548406c0 (LWP 18021) exited]
[Thread 0x7fff4d1fc6c0 (LWP 18024) exited]
[Thread 0x7fff4d3fd6c0 (LWP 18020) exited]
[Thread 0x7fff4c5f66c0 (LWP 18019) exited]
[Thread 0x7fff54e436c0 (LWP 18018) exited]
[Thread 0x7fff557f86c0 (LWP 18033) exited]
[New Thread 0x7fff557f86c0 (LWP 18041)]
[New Thread 0x7fff4d5fe6c0 (LWP 18042)]
[New Thread 0x7fff555f76c0 (LWP 18043)]
[New Thread 0x7fff4cbf96c0 (LWP 18044)]
[New Thread 0x7fff5463f6c0 (LWP 18045)]
[New Thread 0x7fff54a416c0 (LWP 18046)]
[New Thread 0x7fff4cffb6c0 (LWP 18047)]
[New Thread 0x7fff54c426c0 (LWP 18048)]
[New Thread 0x7fff54e436c0 (LWP 18049)]
[New Thread 0x7fff4cdfa6c0 (LWP 18050)]
[New Thread 0x7fff4c3f56c0 (LWP 18051)]
[New Thread 0x7fff4c9f86c0 (LWP 18052)]
[New Thread 0x7fff4d3fd6c0 (LWP 18053)]
[New Thread 0x7fff4c7f76c0 (LWP 18054)]
[New Thread 0x7fff5443e6c0 (LWP 18055)]
[New Thread 0x7fff5423d6c0 (LWP 18056)]
[New Thread 0x7fff559f96c0 (LWP 18057)]
[New Thread 0x7fff4d1fc6c0 (LWP 18058)]
[New Thread 0x7fff4c5f66c0 (LWP 18059)]
[New Thread 0x7fff550446c0 (LWP 18060)]
[New Thread 0x7fff548406c0 (LWP 18061)]
[New Thread 0x7fff4d7ff6c0 (LWP 18062)]
[Thread 0x7fff4d7ff6c0 (LWP 18062) exited]
[Thread 0x7fff548406c0 (LWP 18061) exited]
[Thread 0x7fff4d1fc6c0 (LWP 18058) exited]
[Thread 0x7fff5423d6c0 (LWP 18056) exited]
[Thread 0x7fff5443e6c0 (LWP 18055) exited]
[Thread 0x7fff550446c0 (LWP 18060) exited]
[Thread 0x7fff4c7f76c0 (LWP 18054) exited]
[Thread 0x7fff559f96c0 (LWP 18057) exited]
[Thread 0x7fff4c9f86c0 (LWP 18052) exited]
[Thread 0x7fff4c3f56c0 (LWP 18051) exited]
[Thread 0x7fff4c5f66c0 (LWP 18059) exited]
[Thread 0x7fff54e436c0 (LWP 18049) exited]
[Thread 0x7fff54c426c0 (LWP 18048) exited]
[Thread 0x7fff4cffb6c0 (LWP 18047) exited]
[Thread 0x7fff54a416c0 (LWP 18046) exited]
[Thread 0x7fff5463f6c0 (LWP 18045) exited]
[Thread 0x7fff4cbf96c0 (LWP 18044) exited]
[Thread 0x7fff555f76c0 (LWP 18043) exited]
[Thread 0x7fff4d5fe6c0 (LWP 18042) exited]
[Thread 0x7fff557f86c0 (LWP 18041) exited]
[Thread 0x7fff4cdfa6c0 (LWP 18050) exited]
[Thread 0x7fff4d3fd6c0 (LWP 18053) exited]
[New Thread 0x7fff4c5f66c0 (LWP 18064)]
[New Thread 0x7fff559f96c0 (LWP 18065)]
[New Thread 0x7fff550446c0 (LWP 18066)]
[New Thread 0x7fff4cdfa6c0 (LWP 18067)]
[New Thread 0x7fff5423d6c0 (LWP 18068)]
[New Thread 0x7fff4c3f56c0 (LWP 18069)]
[New Thread 0x7fff54e436c0 (LWP 18070)]
[New Thread 0x7fff4c7f76c0 (LWP 18071)]
[New Thread 0x7fff4d1fc6c0 (LWP 18072)]
[New Thread 0x7fff5463f6c0 (LWP 18073)]
[New Thread 0x7fff548406c0 (LWP 18074)]
[New Thread 0x7fff54c426c0 (LWP 18075)]
[New Thread 0x7fff4d7ff6c0 (LWP 18076)]
[New Thread 0x7fff4d3fd6c0 (LWP 18077)]
[New Thread 0x7fff4d5fe6c0 (LWP 18078)]
[New Thread 0x7fff4c9f86c0 (LWP 18079)]
[New Thread 0x7fff54a416c0 (LWP 18080)]
[New Thread 0x7fff4cffb6c0 (LWP 18081)]
[New Thread 0x7fff557f86c0 (LWP 18082)]
[New Thread 0x7fff555f76c0 (LWP 18083)]
[New Thread 0x7fff5443e6c0 (LWP 18084)]
[New Thread 0x7fff4cbf96c0 (LWP 18085)]
[Thread 0x7fff4cbf96c0 (LWP 18085) exited]
[Thread 0x7fff5443e6c0 (LWP 18084) exited]
[Thread 0x7fff555f76c0 (LWP 18083) exited]
[Thread 0x7fff557f86c0 (LWP 18082) exited]
[Thread 0x7fff4cffb6c0 (LWP 18081) exited]
[Thread 0x7fff54a416c0 (LWP 18080) exited]
[Thread 0x7fff4c9f86c0 (LWP 18079) exited]
[Thread 0x7fff4d3fd6c0 (LWP 18077) exited]
[Thread 0x7fff4d7ff6c0 (LWP 18076) exited]
[Thread 0x7fff54c426c0 (LWP 18075) exited]
[Thread 0x7fff548406c0 (LWP 18074) exited]
[Thread 0x7fff5463f6c0 (LWP 18073) exited]
[Thread 0x7fff4d1fc6c0 (LWP 18072) exited]
[Thread 0x7fff4c7f76c0 (LWP 18071) exited]
[Thread 0x7fff54e436c0 (LWP 18070) exited]
[Thread 0x7fff4c3f56c0 (LWP 18069) exited]
[Thread 0x7fff5423d6c0 (LWP 18068) exited]
[Thread 0x7fff4cdfa6c0 (LWP 18067) exited]
[Thread 0x7fff550446c0 (LWP 18066) exited]
[Thread 0x7fff559f96c0 (LWP 18065) exited]
[Thread 0x7fff4c5f66c0 (LWP 18064) exited]
[Thread 0x7fff4d5fe6c0 (LWP 18078) exited]
[New Thread 0x7fff4d5fe6c0 (LWP 18087)]
[New Thread 0x7fff4c5f66c0 (LWP 18088)]
[New Thread 0x7fff555f76c0 (LWP 18089)]
[New Thread 0x7fff548406c0 (LWP 18090)]
[New Thread 0x7fff4d1fc6c0 (LWP 18091)]
[New Thread 0x7fff5443e6c0 (LWP 18092)]
[New Thread 0x7fff4d7ff6c0 (LWP 18093)]
[New Thread 0x7fff54e436c0 (LWP 18094)]
[New Thread 0x7fff557f86c0 (LWP 18095)]
[New Thread 0x7fff4d3fd6c0 (LWP 18096)]
[New Thread 0x7fff4c3f56c0 (LWP 18097)]
[New Thread 0x7fff54c426c0 (LWP 18098)]
[New Thread 0x7fff4c7f76c0 (LWP 18099)]
[New Thread 0x7fff4c9f86c0 (LWP 18100)]
[New Thread 0x7fff550446c0 (LWP 18101)]
[New Thread 0x7fff5463f6c0 (LWP 18102)]
[New Thread 0x7fff4cffb6c0 (LWP 18103)]
[New Thread 0x7fff54a416c0 (LWP 18104)]
[New Thread 0x7fff5423d6c0 (LWP 18105)]
[New Thread 0x7fff559f96c0 (LWP 18106)]
[New Thread 0x7fff4cdfa6c0 (LWP 18107)]
[New Thread 0x7fff4cbf96c0 (LWP 18108)]
[Thread 0x7fff5423d6c0 (LWP 18105) exited]
[Thread 0x7fff4cdfa6c0 (LWP 18107) exited]
[Thread 0x7fff54a416c0 (LWP 18104) exited]
[Thread 0x7fff5463f6c0 (LWP 18102) exited]
[Thread 0x7fff550446c0 (LWP 18101) exited]
[Thread 0x7fff4c9f86c0 (LWP 18100) exited]
[Thread 0x7fff4c7f76c0 (LWP 18099) exited]
[Thread 0x7fff54c426c0 (LWP 18098) exited]
[Thread 0x7fff4cffb6c0 (LWP 18103) exited]
[Thread 0x7fff4c3f56c0 (LWP 18097) exited]
[Thread 0x7fff4d3fd6c0 (LWP 18096) exited]
[Thread 0x7fff559f96c0 (LWP 18106) exited]
[Thread 0x7fff557f86c0 (LWP 18095) exited]
[Thread 0x7fff54e436c0 (LWP 18094) exited]
[Thread 0x7fff4d7ff6c0 (LWP 18093) exited]
[Thread 0x7fff5443e6c0 (LWP 18092) exited]
[Thread 0x7fff4d1fc6c0 (LWP 18091) exited]
[Thread 0x7fff548406c0 (LWP 18090) exited]
[Thread 0x7fff555f76c0 (LWP 18089) exited]
[Thread 0x7fff4c5f66c0 (LWP 18088) exited]
[Thread 0x7fff4cbf96c0 (LWP 18108) exited]
[Thread 0x7fff4d5fe6c0 (LWP 18087) exited]
[New Thread 0x7fff559f96c0 (LWP 18110)]
[New Thread 0x7fff4cffb6c0 (LWP 18111)]
[New Thread 0x7fff54c426c0 (LWP 18112)]
[New Thread 0x7fff4c7f76c0 (LWP 18113)]
[New Thread 0x7fff54a416c0 (LWP 18114)]
[New Thread 0x7fff4d3fd6c0 (LWP 18115)]
[New Thread 0x7fff548406c0 (LWP 18116)]
[New Thread 0x7fff5423d6c0 (LWP 18117)]
[New Thread 0x7fff4c5f66c0 (LWP 18118)]
[New Thread 0x7fff4d7ff6c0 (LWP 18119)]
[New Thread 0x7fff4cbf96c0 (LWP 18120)]
[New Thread 0x7fff557f86c0 (LWP 18121)]
[New Thread 0x7fff4c9f86c0 (LWP 18122)]
[New Thread 0x7fff550446c0 (LWP 18123)]
[New Thread 0x7fff5463f6c0 (LWP 18124)]
[New Thread 0x7fff4c3f56c0 (LWP 18125)]
[New Thread 0x7fff555f76c0 (LWP 18126)]
[New Thread 0x7fff4d1fc6c0 (LWP 18127)]
[New Thread 0x7fff4cdfa6c0 (LWP 18128)]
[New Thread 0x7fff54e436c0 (LWP 18129)]
[New Thread 0x7fff5443e6c0 (LWP 18130)]
[New Thread 0x7fff4d5fe6c0 (LWP 18131)]
[Thread 0x7fff4d5fe6c0 (LWP 18131) exited]
[Thread 0x7fff5443e6c0 (LWP 18130) exited]
[Thread 0x7fff4cdfa6c0 (LWP 18128) exited]
[Thread 0x7fff555f76c0 (LWP 18126) exited]
[Thread 0x7fff4c3f56c0 (LWP 18125) exited]
[Thread 0x7fff5463f6c0 (LWP 18124) exited]
[Thread 0x7fff550446c0 (LWP 18123) exited]
[Thread 0x7fff4c9f86c0 (LWP 18122) exited]
[Thread 0x7fff557f86c0 (LWP 18121) exited]
[Thread 0x7fff4cbf96c0 (LWP 18120) exited]
[Thread 0x7fff4d7ff6c0 (LWP 18119) exited]
[Thread 0x7fff4c5f66c0 (LWP 18118) exited]
[Thread 0x7fff5423d6c0 (LWP 18117) exited]
[Thread 0x7fff548406c0 (LWP 18116) exited]
[Thread 0x7fff4d3fd6c0 (LWP 18115) exited]
[Thread 0x7fff4c7f76c0 (LWP 18113) exited]
[Thread 0x7fff54a416c0 (LWP 18114) exited]
[Thread 0x7fff54e436c0 (LWP 18129) exited]
[Thread 0x7fff54c426c0 (LWP 18112) exited]
[Thread 0x7fff4cffb6c0 (LWP 18111) exited]
[Thread 0x7fff559f96c0 (LWP 18110) exited]
[Thread 0x7fff4d1fc6c0 (LWP 18127) exited]
[New Thread 0x7fff4d1fc6c0 (LWP 18133)]
[New Thread 0x7fff559f96c0 (LWP 18134)]
[New Thread 0x7fff54e436c0 (LWP 18135)]
[New Thread 0x7fff5443e6c0 (LWP 18136)]
[New Thread 0x7fff4cdfa6c0 (LWP 18137)]
[New Thread 0x7fff4c3f56c0 (LWP 18138)]
[New Thread 0x7fff4c9f86c0 (LWP 18139)]
[New Thread 0x7fff5423d6c0 (LWP 18140)]
[New Thread 0x7fff548406c0 (LWP 18141)]
[New Thread 0x7fff4d3fd6c0 (LWP 18142)]
[New Thread 0x7fff5463f6c0 (LWP 18143)]
[New Thread 0x7fff4cffb6c0 (LWP 18144)]
[New Thread 0x7fff555f76c0 (LWP 18145)]
[New Thread 0x7fff4d7ff6c0 (LWP 18146)]
[New Thread 0x7fff550446c0 (LWP 18147)]
[New Thread 0x7fff557f86c0 (LWP 18148)]
[New Thread 0x7fff54c426c0 (LWP 18149)]
[New Thread 0x7fff4c5f66c0 (LWP 18150)]
[New Thread 0x7fff54a416c0 (LWP 18151)]
[New Thread 0x7fff4d5fe6c0 (LWP 18152)]
[New Thread 0x7fff4cbf96c0 (LWP 18153)]
[New Thread 0x7fff4c7f76c0 (LWP 18154)]
[Thread 0x7fff4c7f76c0 (LWP 18154) exited]
[Thread 0x7fff4cbf96c0 (LWP 18153) exited]
[Thread 0x7fff4d5fe6c0 (LWP 18152) exited]
[Thread 0x7fff54a416c0 (LWP 18151) exited]
[Thread 0x7fff4c5f66c0 (LWP 18150) exited]
[Thread 0x7fff54c426c0 (LWP 18149) exited]
[Thread 0x7fff557f86c0 (LWP 18148) exited]
[Thread 0x7fff550446c0 (LWP 18147) exited]
[Thread 0x7fff4d7ff6c0 (LWP 18146) exited]
[Thread 0x7fff555f76c0 (LWP 18145) exited]
[Thread 0x7fff4cffb6c0 (LWP 18144) exited]
[Thread 0x7fff5463f6c0 (LWP 18143) exited]
[Thread 0x7fff4d3fd6c0 (LWP 18142) exited]
[Thread 0x7fff548406c0 (LWP 18141) exited]
[Thread 0x7fff5423d6c0 (LWP 18140) exited]
[Thread 0x7fff4c9f86c0 (LWP 18139) exited]
[Thread 0x7fff4c3f56c0 (LWP 18138) exited]
[Thread 0x7fff4cdfa6c0 (LWP 18137) exited]
[Thread 0x7fff5443e6c0 (LWP 18136) exited]
[Thread 0x7fff54e436c0 (LWP 18135) exited]
[Thread 0x7fff559f96c0 (LWP 18134) exited]
[Thread 0x7fff4d1fc6c0 (LWP 18133) exited]
[New Thread 0x7fff4cbf96c0 (LWP 18156)]
[New Thread 0x7fff4d5fe6c0 (LWP 18157)]
[New Thread 0x7fff54e436c0 (LWP 18158)]
[New Thread 0x7fff559f96c0 (LWP 18159)]
[New Thread 0x7fff54a416c0 (LWP 18160)]
[New Thread 0x7fff555f76c0 (LWP 18161)]
[New Thread 0x7fff4cffb6c0 (LWP 18162)]
[New Thread 0x7fff4c3f56c0 (LWP 18163)]
[New Thread 0x7fff4c5f66c0 (LWP 18164)]
[New Thread 0x7fff4cdfa6c0 (LWP 18165)]
[New Thread 0x7fff550446c0 (LWP 18166)]
[New Thread 0x7fff5423d6c0 (LWP 18167)]
[New Thread 0x7fff557f86c0 (LWP 18168)]
[New Thread 0x7fff4c9f86c0 (LWP 18169)]
[New Thread 0x7fff4d3fd6c0 (LWP 18170)]
[New Thread 0x7fff4d1fc6c0 (LWP 18171)]
[New Thread 0x7fff4d7ff6c0 (LWP 18172)]
[New Thread 0x7fff4c7f76c0 (LWP 18173)]
[New Thread 0x7fff5443e6c0 (LWP 18174)]
[New Thread 0x7fff54c426c0 (LWP 18175)]
[New Thread 0x7fff548406c0 (LWP 18176)]
[New Thread 0x7fff5463f6c0 (LWP 18177)]
[Thread 0x7fff4d7ff6c0 (LWP 18172) exited]
[Thread 0x7fff4d1fc6c0 (LWP 18171) exited]
[Thread 0x7fff557f86c0 (LWP 18168) exited]
[Thread 0x7fff550446c0 (LWP 18166) exited]
[Thread 0x7fff4c3f56c0 (LWP 18163) exited]
[Thread 0x7fff555f76c0 (LWP 18161) exited]
[Thread 0x7fff559f96c0 (LWP 18159) exited]
[Thread 0x7fff54e436c0 (LWP 18158) exited]
[Thread 0x7fff5463f6c0 (LWP 18177) exited]
[Thread 0x7fff54c426c0 (LWP 18175) exited]
[Thread 0x7fff5443e6c0 (LWP 18174) exited]
[Thread 0x7fff4c7f76c0 (LWP 18173) exited]
[Thread 0x7fff4d3fd6c0 (LWP 18170) exited]
[Thread 0x7fff4c9f86c0 (LWP 18169) exited]
[Thread 0x7fff5423d6c0 (LWP 18167) exited]
[Thread 0x7fff4cffb6c0 (LWP 18162) exited]
[Thread 0x7fff54a416c0 (LWP 18160) exited]
[Thread 0x7fff4d5fe6c0 (LWP 18157) exited]
[Thread 0x7fff4cbf96c0 (LWP 18156) exited]
[Thread 0x7fff4cdfa6c0 (LWP 18165) exited]
[Thread 0x7fff548406c0 (LWP 18176) exited]
[Thread 0x7fff4c5f66c0 (LWP 18164) exited]
[New Thread 0x7fff548406c0 (LWP 18179)]
[New Thread 0x7fff4c5f66c0 (LWP 18180)]
[New Thread 0x7fff4cdfa6c0 (LWP 18181)]
[New Thread 0x7fff5423d6c0 (LWP 18182)]
[New Thread 0x7fff4d3fd6c0 (LWP 18183)]
[New Thread 0x7fff4cffb6c0 (LWP 18184)]
[New Thread 0x7fff54c426c0 (LWP 18185)]
[New Thread 0x7fff5443e6c0 (LWP 18186)]
[New Thread 0x7fff4cbf96c0 (LWP 18187)]
[New Thread 0x7fff4d5fe6c0 (LWP 18188)]
[New Thread 0x7fff4c9f86c0 (LWP 18189)]
[New Thread 0x7fff5463f6c0 (LWP 18190)]
[New Thread 0x7fff555f76c0 (LWP 18191)]
[New Thread 0x7fff4d1fc6c0 (LWP 18192)]
[New Thread 0x7fff54a416c0 (LWP 18193)]
[New Thread 0x7fff559f96c0 (LWP 18194)]
[New Thread 0x7fff557f86c0 (LWP 18195)]
[New Thread 0x7fff4c7f76c0 (LWP 18196)]
[New Thread 0x7fff4d7ff6c0 (LWP 18197)]
[New Thread 0x7fff550446c0 (LWP 18198)]
[New Thread 0x7fff54e436c0 (LWP 18199)]
[New Thread 0x7fff4c3f56c0 (LWP 18200)]
[Thread 0x7fff5423d6c0 (LWP 18182) exited]
[Thread 0x7fff555f76c0 (LWP 18191) exited]
[Thread 0x7fff4c3f56c0 (LWP 18200) exited]
[Thread 0x7fff4d7ff6c0 (LWP 18197) exited]
[Thread 0x7fff557f86c0 (LWP 18195) exited]
[Thread 0x7fff559f96c0 (LWP 18194) exited]
[Thread 0x7fff54a416c0 (LWP 18193) exited]
[Thread 0x7fff4d1fc6c0 (LWP 18192) exited]
[Thread 0x7fff4d5fe6c0 (LWP 18188) exited]
[Thread 0x7fff4cbf96c0 (LWP 18187) exited]
[Thread 0x7fff5443e6c0 (LWP 18186) exited]
[Thread 0x7fff550446c0 (LWP 18198) exited]
[Thread 0x7fff4c7f76c0 (LWP 18196) exited]
[Thread 0x7fff54e436c0 (LWP 18199) exited]
[Thread 0x7fff54c426c0 (LWP 18185) exited]
[Thread 0x7fff4cffb6c0 (LWP 18184) exited]
[Thread 0x7fff4d3fd6c0 (LWP 18183) exited]
[Thread 0x7fff4cdfa6c0 (LWP 18181) exited]
[Thread 0x7fff4c5f66c0 (LWP 18180) exited]
[Thread 0x7fff548406c0 (LWP 18179) exited]
[Thread 0x7fff4c9f86c0 (LWP 18189) exited]
[Thread 0x7fff5463f6c0 (LWP 18190) exited]
[New Thread 0x7fff5463f6c0 (LWP 18202)]
[New Thread 0x7fff4c9f86c0 (LWP 18203)]
[New Thread 0x7fff4c7f76c0 (LWP 18204)]
[New Thread 0x7fff54e436c0 (LWP 18205)]
[New Thread 0x7fff559f96c0 (LWP 18206)]
[New Thread 0x7fff4cbf96c0 (LWP 18207)]
[New Thread 0x7fff4d1fc6c0 (LWP 18208)]
[New Thread 0x7fff557f86c0 (LWP 18209)]
[New Thread 0x7fff54a416c0 (LWP 18210)]
[New Thread 0x7fff4d7ff6c0 (LWP 18211)]
[New Thread 0x7fff4c3f56c0 (LWP 18212)]
[New Thread 0x7fff4d5fe6c0 (LWP 18213)]
[New Thread 0x7fff5443e6c0 (LWP 18214)]
[New Thread 0x7fff4c5f66c0 (LWP 18215)]
[New Thread 0x7fff4d3fd6c0 (LWP 18216)]
[New Thread 0x7fff555f76c0 (LWP 18217)]
[New Thread 0x7fff4cffb6c0 (LWP 18218)]
[New Thread 0x7fff54c426c0 (LWP 18219)]
[New Thread 0x7fff5423d6c0 (LWP 18220)]
[New Thread 0x7fff550446c0 (LWP 18221)]
[New Thread 0x7fff548406c0 (LWP 18222)]
[New Thread 0x7fff4cdfa6c0 (LWP 18223)]
[Thread 0x7fff4cdfa6c0 (LWP 18223) exited]
[Thread 0x7fff548406c0 (LWP 18222) exited]
[Thread 0x7fff550446c0 (LWP 18221) exited]
[Thread 0x7fff54c426c0 (LWP 18219) exited]
[Thread 0x7fff4cffb6c0 (LWP 18218) exited]
[Thread 0x7fff4c5f66c0 (LWP 18215) exited]
[Thread 0x7fff5443e6c0 (LWP 18214) exited]
[Thread 0x7fff4d5fe6c0 (LWP 18213) exited]
[Thread 0x7fff4c3f56c0 (LWP 18212) exited]
[Thread 0x7fff4d7ff6c0 (LWP 18211) exited]
[Thread 0x7fff54a416c0 (LWP 18210) exited]
[Thread 0x7fff557f86c0 (LWP 18209) exited]
[Thread 0x7fff4d1fc6c0 (LWP 18208) exited]
[Thread 0x7fff4cbf96c0 (LWP 18207) exited]
[Thread 0x7fff559f96c0 (LWP 18206) exited]
[Thread 0x7fff555f76c0 (LWP 18217) exited]
[Thread 0x7fff54e436c0 (LWP 18205) exited]
[Thread 0x7fff4c7f76c0 (LWP 18204) exited]
[Thread 0x7fff4c9f86c0 (LWP 18203) exited]
[Thread 0x7fff5463f6c0 (LWP 18202) exited]
[Thread 0x7fff5423d6c0 (LWP 18220) exited]
[Thread 0x7fff4d3fd6c0 (LWP 18216) exited]
[New Thread 0x7fff5423d6c0 (LWP 18225)]
[New Thread 0x7fff555f76c0 (LWP 18226)]
[New Thread 0x7fff4d5fe6c0 (LWP 18227)]
[New Thread 0x7fff4cdfa6c0 (LWP 18228)]
[New Thread 0x7fff54c426c0 (LWP 18229)]
[New Thread 0x7fff557f86c0 (LWP 18230)]
[New Thread 0x7fff550446c0 (LWP 18231)]
[New Thread 0x7fff54a416c0 (LWP 18232)]
[New Thread 0x7fff5463f6c0 (LWP 18233)]
[New Thread 0x7fff54e436c0 (LWP 18234)]
[New Thread 0x7fff4c5f66c0 (LWP 18235)]
[New Thread 0x7fff4c3f56c0 (LWP 18236)]
[New Thread 0x7fff4d7ff6c0 (LWP 18237)]
[New Thread 0x7fff4cbf96c0 (LWP 18238)]
[New Thread 0x7fff4d3fd6c0 (LWP 18239)]
[New Thread 0x7fff5443e6c0 (LWP 18240)]
[New Thread 0x7fff559f96c0 (LWP 18241)]
[New Thread 0x7fff4c7f76c0 (LWP 18242)]
[New Thread 0x7fff548406c0 (LWP 18243)]
[New Thread 0x7fff4d1fc6c0 (LWP 18244)]
[New Thread 0x7fff4cffb6c0 (LWP 18245)]
[New Thread 0x7fff4c9f86c0 (LWP 18246)]
[Thread 0x7fff4c9f86c0 (LWP 18246) exited]
[Thread 0x7fff4cffb6c0 (LWP 18245) exited]
[Thread 0x7fff4c7f76c0 (LWP 18242) exited]
[Thread 0x7fff559f96c0 (LWP 18241) exited]
[Thread 0x7fff5443e6c0 (LWP 18240) exited]
[Thread 0x7fff4d3fd6c0 (LWP 18239) exited]
[Thread 0x7fff4cbf96c0 (LWP 18238) exited]
[Thread 0x7fff4c3f56c0 (LWP 18236) exited]
[Thread 0x7fff4c5f66c0 (LWP 18235) exited]
[Thread 0x7fff54e436c0 (LWP 18234) exited]
[Thread 0x7fff5463f6c0 (LWP 18233) exited]
[Thread 0x7fff54a416c0 (LWP 18232) exited]
[Thread 0x7fff548406c0 (LWP 18243) exited]
[Thread 0x7fff4d1fc6c0 (LWP 18244) exited]
[Thread 0x7fff550446c0 (LWP 18231) exited]
[Thread 0x7fff557f86c0 (LWP 18230) exited]
[Thread 0x7fff54c426c0 (LWP 18229) exited]
[Thread 0x7fff4cdfa6c0 (LWP 18228) exited]
[Thread 0x7fff4d5fe6c0 (LWP 18227) exited]
[Thread 0x7fff555f76c0 (LWP 18226) exited]
[Thread 0x7fff5423d6c0 (LWP 18225) exited]
[Thread 0x7fff4d7ff6c0 (LWP 18237) exited]
[New Thread 0x7fff4d1fc6c0 (LWP 18248)]
[New Thread 0x7fff548406c0 (LWP 18249)]
[New Thread 0x7fff4d5fe6c0 (LWP 18250)]
[New Thread 0x7fff4c7f76c0 (LWP 18251)]
[New Thread 0x7fff4c3f56c0 (LWP 18252)]
[New Thread 0x7fff54e436c0 (LWP 18253)]
[New Thread 0x7fff555f76c0 (LWP 18254)]
[New Thread 0x7fff5443e6c0 (LWP 18255)]
[New Thread 0x7fff4cffb6c0 (LWP 18256)]
[New Thread 0x7fff550446c0 (LWP 18257)]
[New Thread 0x7fff4c5f66c0 (LWP 18258)]
[New Thread 0x7fff4cdfa6c0 (LWP 18259)]
[New Thread 0x7fff4cbf96c0 (LWP 18260)]
[New Thread 0x7fff54a416c0 (LWP 18261)]
[New Thread 0x7fff557f86c0 (LWP 18262)]
[New Thread 0x7fff4d7ff6c0 (LWP 18263)]
[New Thread 0x7fff4c9f86c0 (LWP 18264)]
[New Thread 0x7fff5463f6c0 (LWP 18265)]
[New Thread 0x7fff54c426c0 (LWP 18266)]
[New Thread 0x7fff559f96c0 (LWP 18267)]
[New Thread 0x7fff5423d6c0 (LWP 18268)]
[New Thread 0x7fff4d3fd6c0 (LWP 18269)]
[Thread 0x7fff4d3fd6c0 (LWP 18269) exited]
[Thread 0x7fff5423d6c0 (LWP 18268) exited]
[Thread 0x7fff559f96c0 (LWP 18267) exited]
[Thread 0x7fff4c9f86c0 (LWP 18264) exited]
[Thread 0x7fff4d7ff6c0 (LWP 18263) exited]
[Thread 0x7fff557f86c0 (LWP 18262) exited]
[Thread 0x7fff54a416c0 (LWP 18261) exited]
[Thread 0x7fff4cbf96c0 (LWP 18260) exited]
[Thread 0x7fff4cdfa6c0 (LWP 18259) exited]
[Thread 0x7fff4c5f66c0 (LWP 18258) exited]
[Thread 0x7fff550446c0 (LWP 18257) exited]
[Thread 0x7fff4cffb6c0 (LWP 18256) exited]
[Thread 0x7fff5443e6c0 (LWP 18255) exited]
[Thread 0x7fff555f76c0 (LWP 18254) exited]
[Thread 0x7fff54e436c0 (LWP 18253) exited]
[Thread 0x7fff4c3f56c0 (LWP 18252) exited]
[Thread 0x7fff4c7f76c0 (LWP 18251) exited]
[Thread 0x7fff4d5fe6c0 (LWP 18250) exited]
[Thread 0x7fff548406c0 (LWP 18249) exited]
[Thread 0x7fff4d1fc6c0 (LWP 18248) exited]
[Thread 0x7fff54c426c0 (LWP 18266) exited]
[Thread 0x7fff5463f6c0 (LWP 18265) exited]
[New Thread 0x7fff5463f6c0 (LWP 18271)]
[New Thread 0x7fff4c5f66c0 (LWP 18272)]
[New Thread 0x7fff54e436c0 (LWP 18273)]
[New Thread 0x7fff559f96c0 (LWP 18274)]
[New Thread 0x7fff548406c0 (LWP 18275)]
[New Thread 0x7fff4d7ff6c0 (LWP 18276)]
[New Thread 0x7fff555f76c0 (LWP 18277)]
[New Thread 0x7fff4d5fe6c0 (LWP 18278)]
[New Thread 0x7fff4c7f76c0 (LWP 18279)]
[New Thread 0x7fff4cdfa6c0 (LWP 18280)]
[New Thread 0x7fff4d3fd6c0 (LWP 18281)]
[New Thread 0x7fff5423d6c0 (LWP 18282)]
[New Thread 0x7fff54c426c0 (LWP 18283)]
[New Thread 0x7fff4cbf96c0 (LWP 18284)]
[New Thread 0x7fff550446c0 (LWP 18285)]
[New Thread 0x7fff54a416c0 (LWP 18286)]
[New Thread 0x7fff4c9f86c0 (LWP 18287)]
[New Thread 0x7fff557f86c0 (LWP 18288)]
[New Thread 0x7fff5443e6c0 (LWP 18289)]
[New Thread 0x7fff4d1fc6c0 (LWP 18290)]
[New Thread 0x7fff4cffb6c0 (LWP 18291)]
[New Thread 0x7fff4c3f56c0 (LWP 18292)]
[Thread 0x7fff4c3f56c0 (LWP 18292) exited]
[Thread 0x7fff4cffb6c0 (LWP 18291) exited]
[Thread 0x7fff4d1fc6c0 (LWP 18290) exited]
[Thread 0x7fff4c9f86c0 (LWP 18287) exited]
[Thread 0x7fff54a416c0 (LWP 18286) exited]
[Thread 0x7fff550446c0 (LWP 18285) exited]
[Thread 0x7fff54c426c0 (LWP 18283) exited]
[Thread 0x7fff5423d6c0 (LWP 18282) exited]
[Thread 0x7fff4d3fd6c0 (LWP 18281) exited]
[Thread 0x7fff4cdfa6c0 (LWP 18280) exited]
[Thread 0x7fff4c7f76c0 (LWP 18279) exited]
[Thread 0x7fff4d5fe6c0 (LWP 18278) exited]
[Thread 0x7fff555f76c0 (LWP 18277) exited]
[Thread 0x7fff4d7ff6c0 (LWP 18276) exited]
[Thread 0x7fff548406c0 (LWP 18275) exited]
[Thread 0x7fff559f96c0 (LWP 18274) exited]
[Thread 0x7fff54e436c0 (LWP 18273) exited]
[Thread 0x7fff4c5f66c0 (LWP 18272) exited]
[Thread 0x7fff5463f6c0 (LWP 18271) exited]
[Thread 0x7fff557f86c0 (LWP 18288) exited]
[Thread 0x7fff4cbf96c0 (LWP 18284) exited]
[Thread 0x7fff5443e6c0 (LWP 18289) exited]
[New Thread 0x7fff4cbf96c0 (LWP 18294)]
[New Thread 0x7fff557f86c0 (LWP 18295)]
[New Thread 0x7fff5463f6c0 (LWP 18296)]
[New Thread 0x7fff4d7ff6c0 (LWP 18297)]
[New Thread 0x7fff4c3f56c0 (LWP 18298)]
[New Thread 0x7fff559f96c0 (LWP 18299)]
[New Thread 0x7fff4cffb6c0 (LWP 18300)]
[New Thread 0x7fff5423d6c0 (LWP 18301)]
[New Thread 0x7fff4d1fc6c0 (LWP 18302)]
[New Thread 0x7fff548406c0 (LWP 18303)]
[New Thread 0x7fff5443e6c0 (LWP 18304)]
[New Thread 0x7fff4c7f76c0 (LWP 18305)]
[New Thread 0x7fff54c426c0 (LWP 18306)]
[New Thread 0x7fff4c9f86c0 (LWP 18307)]
[New Thread 0x7fff555f76c0 (LWP 18308)]
[New Thread 0x7fff4cdfa6c0 (LWP 18309)]
[New Thread 0x7fff54e436c0 (LWP 18310)]
[New Thread 0x7fff4d3fd6c0 (LWP 18311)]
[New Thread 0x7fff54a416c0 (LWP 18312)]
[New Thread 0x7fff550446c0 (LWP 18313)]
[New Thread 0x7fff4d5fe6c0 (LWP 18314)]
[New Thread 0x7fff4c5f66c0 (LWP 18315)]
[Thread 0x7fff4c5f66c0 (LWP 18315) exited]
[Thread 0x7fff4d5fe6c0 (LWP 18314) exited]
[Thread 0x7fff550446c0 (LWP 18313) exited]
[Thread 0x7fff4d3fd6c0 (LWP 18311) exited]
[Thread 0x7fff54e436c0 (LWP 18310) exited]
[Thread 0x7fff4cdfa6c0 (LWP 18309) exited]
[Thread 0x7fff555f76c0 (LWP 18308) exited]
[Thread 0x7fff4c9f86c0 (LWP 18307) exited]
[Thread 0x7fff54c426c0 (LWP 18306) exited]
[Thread 0x7fff4c7f76c0 (LWP 18305) exited]
[Thread 0x7fff54a416c0 (LWP 18312) exited]
[Thread 0x7fff5443e6c0 (LWP 18304) exited]
[Thread 0x7fff548406c0 (LWP 18303) exited]
[Thread 0x7fff4d1fc6c0 (LWP 18302) exited]
[Thread 0x7fff5423d6c0 (LWP 18301) exited]
[Thread 0x7fff4cffb6c0 (LWP 18300) exited]
[Thread 0x7fff559f96c0 (LWP 18299) exited]
[Thread 0x7fff4c3f56c0 (LWP 18298) exited]
[Thread 0x7fff4d7ff6c0 (LWP 18297) exited]
[Thread 0x7fff5463f6c0 (LWP 18296) exited]
[Thread 0x7fff557f86c0 (LWP 18295) exited]
[Thread 0x7fff4cbf96c0 (LWP 18294) exited]
[New Thread 0x7fff54a416c0 (LWP 18317)]
[New Thread 0x7fff5443e6c0 (LWP 18318)]
[New Thread 0x7fff4d3fd6c0 (LWP 18319)]
[New Thread 0x7fff54e436c0 (LWP 18320)]
[New Thread 0x7fff4c7f76c0 (LWP 18321)]
[New Thread 0x7fff548406c0 (LWP 18322)]
[New Thread 0x7fff550446c0 (LWP 18323)]
[New Thread 0x7fff4c5f66c0 (LWP 18324)]
[New Thread 0x7fff5463f6c0 (LWP 18325)]
[New Thread 0x7fff4d1fc6c0 (LWP 18326)]
[New Thread 0x7fff4cffb6c0 (LWP 18327)]
[New Thread 0x7fff4d7ff6c0 (LWP 18328)]
[New Thread 0x7fff559f96c0 (LWP 18329)]
[New Thread 0x7fff557f86c0 (LWP 18330)]
[New Thread 0x7fff555f76c0 (LWP 18331)]
[New Thread 0x7fff4d5fe6c0 (LWP 18332)]
[New Thread 0x7fff4c9f86c0 (LWP 18333)]
[New Thread 0x7fff54c426c0 (LWP 18334)]
[New Thread 0x7fff4cdfa6c0 (LWP 18335)]
[New Thread 0x7fff5423d6c0 (LWP 18336)]
[New Thread 0x7fff4cbf96c0 (LWP 18337)]
[New Thread 0x7fff4c3f56c0 (LWP 18338)]
[Thread 0x7fff54c426c0 (LWP 18334) exited]
[Thread 0x7fff4c3f56c0 (LWP 18338) exited]
[Thread 0x7fff4cbf96c0 (LWP 18337) exited]
[Thread 0x7fff5423d6c0 (LWP 18336) exited]
[Thread 0x7fff4cdfa6c0 (LWP 18335) exited]
[Thread 0x7fff4c9f86c0 (LWP 18333) exited]
[Thread 0x7fff4d5fe6c0 (LWP 18332) exited]
[Thread 0x7fff555f76c0 (LWP 18331) exited]
[Thread 0x7fff559f96c0 (LWP 18329) exited]
[Thread 0x7fff4d7ff6c0 (LWP 18328) exited]
[Thread 0x7fff4cffb6c0 (LWP 18327) exited]
[Thread 0x7fff4d1fc6c0 (LWP 18326) exited]
[Thread 0x7fff5463f6c0 (LWP 18325) exited]
[Thread 0x7fff4c5f66c0 (LWP 18324) exited]
[Thread 0x7fff550446c0 (LWP 18323) exited]
[Thread 0x7fff548406c0 (LWP 18322) exited]
[Thread 0x7fff54e436c0 (LWP 18320) exited]
[Thread 0x7fff4d3fd6c0 (LWP 18319) exited]
[Thread 0x7fff5443e6c0 (LWP 18318) exited]
[Thread 0x7fff54a416c0 (LWP 18317) exited]
[Thread 0x7fff4c7f76c0 (LWP 18321) exited]
[Thread 0x7fff557f86c0 (LWP 18330) exited]
[New Thread 0x7fff557f86c0 (LWP 18340)]
[New Thread 0x7fff54e436c0 (LWP 18341)]
[New Thread 0x7fff4cdfa6c0 (LWP 18342)]
[New Thread 0x7fff559f96c0 (LWP 18343)]
[New Thread 0x7fff4c5f66c0 (LWP 18344)]
[New Thread 0x7fff54a416c0 (LWP 18345)]
[New Thread 0x7fff4cbf96c0 (LWP 18346)]
[New Thread 0x7fff4c3f56c0 (LWP 18347)]
[New Thread 0x7fff4d3fd6c0 (LWP 18348)]
[New Thread 0x7fff5463f6c0 (LWP 18349)]
[New Thread 0x7fff5443e6c0 (LWP 18350)]
[New Thread 0x7fff5423d6c0 (LWP 18351)]
[New Thread 0x7fff555f76c0 (LWP 18352)]
[New Thread 0x7fff4c9f86c0 (LWP 18353)]
[New Thread 0x7fff4d7ff6c0 (LWP 18354)]
[New Thread 0x7fff4cffb6c0 (LWP 18355)]
[New Thread 0x7fff550446c0 (LWP 18356)]
[New Thread 0x7fff4c7f76c0 (LWP 18357)]
[New Thread 0x7fff548406c0 (LWP 18358)]
[New Thread 0x7fff54c426c0 (LWP 18359)]
[New Thread 0x7fff4d5fe6c0 (LWP 18360)]
[New Thread 0x7fff4d1fc6c0 (LWP 18361)]
[Thread 0x7fff4d1fc6c0 (LWP 18361) exited]
[Thread 0x7fff54c426c0 (LWP 18359) exited]
[Thread 0x7fff4d5fe6c0 (LWP 18360) exited]
[Thread 0x7fff548406c0 (LWP 18358) exited]
[Thread 0x7fff4c7f76c0 (LWP 18357) exited]
[Thread 0x7fff550446c0 (LWP 18356) exited]
[Thread 0x7fff4cffb6c0 (LWP 18355) exited]
[Thread 0x7fff4d7ff6c0 (LWP 18354) exited]
[Thread 0x7fff4c9f86c0 (LWP 18353) exited]
[Thread 0x7fff555f76c0 (LWP 18352) exited]
[Thread 0x7fff5423d6c0 (LWP 18351) exited]
[Thread 0x7fff5443e6c0 (LWP 18350) exited]
[Thread 0x7fff5463f6c0 (LWP 18349) exited]
[Thread 0x7fff4d3fd6c0 (LWP 18348) exited]
[Thread 0x7fff4c3f56c0 (LWP 18347) exited]
[Thread 0x7fff54a416c0 (LWP 18345) exited]
[Thread 0x7fff4cbf96c0 (LWP 18346) exited]
[Thread 0x7fff4c5f66c0 (LWP 18344) exited]
[Thread 0x7fff559f96c0 (LWP 18343) exited]
[Thread 0x7fff4cdfa6c0 (LWP 18342) exited]
[Thread 0x7fff54e436c0 (LWP 18341) exited]
[Thread 0x7fff557f86c0 (LWP 18340) exited]
[New Thread 0x7fff4cbf96c0 (LWP 18363)]
[New Thread 0x7fff4d5fe6c0 (LWP 18364)]
[New Thread 0x7fff54c426c0 (LWP 18365)]
[New Thread 0x7fff4c5f66c0 (LWP 18366)]
[New Thread 0x7fff4d1fc6c0 (LWP 18367)]
[New Thread 0x7fff5463f6c0 (LWP 18368)]
[New Thread 0x7fff5443e6c0 (LWP 18369)]
[New Thread 0x7fff4d7ff6c0 (LWP 18370)]
[New Thread 0x7fff4cffb6c0 (LWP 18371)]
[New Thread 0x7fff5423d6c0 (LWP 18372)]
[New Thread 0x7fff557f86c0 (LWP 18373)]
[New Thread 0x7fff548406c0 (LWP 18374)]
[New Thread 0x7fff54a416c0 (LWP 18375)]
[New Thread 0x7fff559f96c0 (LWP 18376)]
[New Thread 0x7fff550446c0 (LWP 18377)]
[New Thread 0x7fff4c9f86c0 (LWP 18378)]
[New Thread 0x7fff4cdfa6c0 (LWP 18379)]
[New Thread 0x7fff555f76c0 (LWP 18380)]
[New Thread 0x7fff4c3f56c0 (LWP 18381)]
[New Thread 0x7fff54e436c0 (LWP 18382)]
[New Thread 0x7fff4d3fd6c0 (LWP 18383)]
[New Thread 0x7fff4c7f76c0 (LWP 18384)]
[Thread 0x7fff4c7f76c0 (LWP 18384) exited]
[Thread 0x7fff4d3fd6c0 (LWP 18383) exited]
[Thread 0x7fff4c3f56c0 (LWP 18381) exited]
[Thread 0x7fff555f76c0 (LWP 18380) exited]
[Thread 0x7fff4cdfa6c0 (LWP 18379) exited]
[Thread 0x7fff54e436c0 (LWP 18382) exited]
[Thread 0x7fff4c9f86c0 (LWP 18378) exited]
[Thread 0x7fff550446c0 (LWP 18377) exited]
[Thread 0x7fff559f96c0 (LWP 18376) exited]
[Thread 0x7fff54a416c0 (LWP 18375) exited]
[Thread 0x7fff548406c0 (LWP 18374) exited]
[Thread 0x7fff557f86c0 (LWP 18373) exited]
[Thread 0x7fff5423d6c0 (LWP 18372) exited]
[Thread 0x7fff4cffb6c0 (LWP 18371) exited]
[Thread 0x7fff4d7ff6c0 (LWP 18370) exited]
[Thread 0x7fff5443e6c0 (LWP 18369) exited]
[Thread 0x7fff5463f6c0 (LWP 18368) exited]
[Thread 0x7fff4d1fc6c0 (LWP 18367) exited]
[Thread 0x7fff54c426c0 (LWP 18365) exited]
[Thread 0x7fff4c5f66c0 (LWP 18366) exited]
[Thread 0x7fff4d5fe6c0 (LWP 18364) exited]
[Thread 0x7fff4cbf96c0 (LWP 18363) exited]
[New Thread 0x7fff4c5f66c0 (LWP 18386)]
[New Thread 0x7fff54e436c0 (LWP 18387)]
[New Thread 0x7fff548406c0 (LWP 18388)]
[New Thread 0x7fff5463f6c0 (LWP 18389)]
[New Thread 0x7fff4c9f86c0 (LWP 18390)]
[New Thread 0x7fff4cffb6c0 (LWP 18391)]
[New Thread 0x7fff559f96c0 (LWP 18392)]
[New Thread 0x7fff4cdfa6c0 (LWP 18393)]
[New Thread 0x7fff4d3fd6c0 (LWP 18394)]
[New Thread 0x7fff54a416c0 (LWP 18395)]
[New Thread 0x7fff4d7ff6c0 (LWP 18396)]
[New Thread 0x7fff557f86c0 (LWP 18397)]
[New Thread 0x7fff550446c0 (LWP 18398)]
[New Thread 0x7fff4d5fe6c0 (LWP 18399)]
[New Thread 0x7fff5423d6c0 (LWP 18400)]
[New Thread 0x7fff555f76c0 (LWP 18401)]
[New Thread 0x7fff4cbf96c0 (LWP 18402)]
[New Thread 0x7fff5443e6c0 (LWP 18403)]
[New Thread 0x7fff4c3f56c0 (LWP 18404)]
[New Thread 0x7fff54c426c0 (LWP 18405)]
[New Thread 0x7fff4d1fc6c0 (LWP 18406)]
[New Thread 0x7fff4c7f76c0 (LWP 18407)]
[Thread 0x7fff4c7f76c0 (LWP 18407) exited]
[Thread 0x7fff54c426c0 (LWP 18405) exited]
[Thread 0x7fff5443e6c0 (LWP 18403) exited]
[Thread 0x7fff4d1fc6c0 (LWP 18406) exited]
[Thread 0x7fff4cbf96c0 (LWP 18402) exited]
[Thread 0x7fff555f76c0 (LWP 18401) exited]
[Thread 0x7fff5423d6c0 (LWP 18400) exited]
[Thread 0x7fff4c3f56c0 (LWP 18404) exited]
[Thread 0x7fff4d5fe6c0 (LWP 18399) exited]
[Thread 0x7fff550446c0 (LWP 18398) exited]
[Thread 0x7fff557f86c0 (LWP 18397) exited]
[Thread 0x7fff4d7ff6c0 (LWP 18396) exited]
[Thread 0x7fff54a416c0 (LWP 18395) exited]
[Thread 0x7fff4d3fd6c0 (LWP 18394) exited]
[Thread 0x7fff4cdfa6c0 (LWP 18393) exited]
[Thread 0x7fff559f96c0 (LWP 18392) exited]
[Thread 0x7fff4cffb6c0 (LWP 18391) exited]
[Thread 0x7fff4c9f86c0 (LWP 18390) exited]
[Thread 0x7fff5463f6c0 (LWP 18389) exited]
[Thread 0x7fff548406c0 (LWP 18388) exited]
[Thread 0x7fff54e436c0 (LWP 18387) exited]
[Thread 0x7fff4c5f66c0 (LWP 18386) exited]
[New Thread 0x7fff4c3f56c0 (LWP 18409)]
[New Thread 0x7fff4d1fc6c0 (LWP 18410)]
[New Thread 0x7fff4d7ff6c0 (LWP 18411)]
[New Thread 0x7fff555f76c0 (LWP 18412)]
[New Thread 0x7fff4c7f76c0 (LWP 18413)]
[New Thread 0x7fff54c426c0 (LWP 18414)]
[New Thread 0x7fff54a416c0 (LWP 18415)]
[New Thread 0x7fff557f86c0 (LWP 18416)]
[New Thread 0x7fff4cffb6c0 (LWP 18417)]
[New Thread 0x7fff4cdfa6c0 (LWP 18418)]
[New Thread 0x7fff5463f6c0 (LWP 18419)]
[New Thread 0x7fff4c9f86c0 (LWP 18420)]
[New Thread 0x7fff54e436c0 (LWP 18421)]
[New Thread 0x7fff559f96c0 (LWP 18422)]
[New Thread 0x7fff4d5fe6c0 (LWP 18423)]
[New Thread 0x7fff550446c0 (LWP 18424)]
[New Thread 0x7fff4d3fd6c0 (LWP 18425)]
[New Thread 0x7fff5423d6c0 (LWP 18426)]
[New Thread 0x7fff4cbf96c0 (LWP 18427)]
[New Thread 0x7fff548406c0 (LWP 18428)]
[New Thread 0x7fff5443e6c0 (LWP 18429)]
[New Thread 0x7fff4c5f66c0 (LWP 18430)]
[Thread 0x7fff4c5f66c0 (LWP 18430) exited]
[Thread 0x7fff548406c0 (LWP 18428) exited]
[Thread 0x7fff5423d6c0 (LWP 18426) exited]
[Thread 0x7fff4cbf96c0 (LWP 18427) exited]
[Thread 0x7fff4d3fd6c0 (LWP 18425) exited]
[Thread 0x7fff550446c0 (LWP 18424) exited]
[Thread 0x7fff4d5fe6c0 (LWP 18423) exited]
[Thread 0x7fff559f96c0 (LWP 18422) exited]
[Thread 0x7fff54e436c0 (LWP 18421) exited]
[Thread 0x7fff4c9f86c0 (LWP 18420) exited]
[Thread 0x7fff5463f6c0 (LWP 18419) exited]
[Thread 0x7fff4cdfa6c0 (LWP 18418) exited]
[Thread 0x7fff4cffb6c0 (LWP 18417) exited]
[Thread 0x7fff557f86c0 (LWP 18416) exited]
[Thread 0x7fff54a416c0 (LWP 18415) exited]
[Thread 0x7fff54c426c0 (LWP 18414) exited]
[Thread 0x7fff4c7f76c0 (LWP 18413) exited]
[Thread 0x7fff555f76c0 (LWP 18412) exited]
[Thread 0x7fff4d7ff6c0 (LWP 18411) exited]
[Thread 0x7fff4d1fc6c0 (LWP 18410) exited]
[Thread 0x7fff4c3f56c0 (LWP 18409) exited]
[Thread 0x7fff5443e6c0 (LWP 18429) exited]
[New Thread 0x7fff5443e6c0 (LWP 18432)]
[New Thread 0x7fff4cbf96c0 (LWP 18433)]
[New Thread 0x7fff557f86c0 (LWP 18434)]
[New Thread 0x7fff54e436c0 (LWP 18435)]
[New Thread 0x7fff548406c0 (LWP 18436)]
[New Thread 0x7fff559f96c0 (LWP 18437)]
[New Thread 0x7fff54c426c0 (LWP 18438)]
[New Thread 0x7fff555f76c0 (LWP 18439)]
[New Thread 0x7fff4d7ff6c0 (LWP 18440)]
[New Thread 0x7fff550446c0 (LWP 18441)]
[New Thread 0x7fff4c5f66c0 (LWP 18442)]
[New Thread 0x7fff4c9f86c0 (LWP 18443)]
[New Thread 0x7fff4d5fe6c0 (LWP 18444)]
[New Thread 0x7fff4d3fd6c0 (LWP 18445)]
[New Thread 0x7fff5463f6c0 (LWP 18446)]
[New Thread 0x7fff4cffb6c0 (LWP 18447)]
[New Thread 0x7fff54a416c0 (LWP 18448)]
[New Thread 0x7fff4cdfa6c0 (LWP 18449)]
[New Thread 0x7fff4c7f76c0 (LWP 18450)]
[New Thread 0x7fff5423d6c0 (LWP 18451)]
[New Thread 0x7fff4d1fc6c0 (LWP 18452)]
[New Thread 0x7fff4c3f56c0 (LWP 18453)]
[Thread 0x7fff4c3f56c0 (LWP 18453) exited]
[Thread 0x7fff4d1fc6c0 (LWP 18452) exited]
[Thread 0x7fff5423d6c0 (LWP 18451) exited]
[Thread 0x7fff4c7f76c0 (LWP 18450) exited]
[Thread 0x7fff4cdfa6c0 (LWP 18449) exited]
[Thread 0x7fff54a416c0 (LWP 18448) exited]
[Thread 0x7fff4cffb6c0 (LWP 18447) exited]
[Thread 0x7fff5463f6c0 (LWP 18446) exited]
[Thread 0x7fff4d3fd6c0 (LWP 18445) exited]
[Thread 0x7fff4d5fe6c0 (LWP 18444) exited]
[Thread 0x7fff4c9f86c0 (LWP 18443) exited]
[Thread 0x7fff4c5f66c0 (LWP 18442) exited]
[Thread 0x7fff550446c0 (LWP 18441) exited]
[Thread 0x7fff4d7ff6c0 (LWP 18440) exited]
[Thread 0x7fff555f76c0 (LWP 18439) exited]
[Thread 0x7fff54c426c0 (LWP 18438) exited]
[Thread 0x7fff559f96c0 (LWP 18437) exited]
[Thread 0x7fff548406c0 (LWP 18436) exited]
[Thread 0x7fff54e436c0 (LWP 18435) exited]
[Thread 0x7fff557f86c0 (LWP 18434) exited]
[Thread 0x7fff4cbf96c0 (LWP 18433) exited]
[Thread 0x7fff5443e6c0 (LWP 18432) exited]
[New Thread 0x7fff5423d6c0 (LWP 18455)]
[New Thread 0x7fff4d1fc6c0 (LWP 18456)]
[New Thread 0x7fff4cffb6c0 (LWP 18457)]
[New Thread 0x7fff54e436c0 (LWP 18458)]
[New Thread 0x7fff555f76c0 (LWP 18459)]
[New Thread 0x7fff5443e6c0 (LWP 18460)]
[New Thread 0x7fff4c3f56c0 (LWP 18461)]
[New Thread 0x7fff548406c0 (LWP 18462)]
[New Thread 0x7fff4cbf96c0 (LWP 18463)]
[New Thread 0x7fff557f86c0 (LWP 18464)]
[New Thread 0x7fff559f96c0 (LWP 18465)]
[New Thread 0x7fff54a416c0 (LWP 18466)]
[New Thread 0x7fff4d5fe6c0 (LWP 18467)]
[New Thread 0x7fff550446c0 (LWP 18468)]
[New Thread 0x7fff54c426c0 (LWP 18469)]
[New Thread 0x7fff4cdfa6c0 (LWP 18470)]
[New Thread 0x7fff5463f6c0 (LWP 18471)]
[New Thread 0x7fff4d7ff6c0 (LWP 18472)]
[New Thread 0x7fff4c9f86c0 (LWP 18473)]
[New Thread 0x7fff4d3fd6c0 (LWP 18474)]
[New Thread 0x7fff4c7f76c0 (LWP 18475)]
[New Thread 0x7fff4c5f66c0 (LWP 18476)]
[Thread 0x7fff4c5f66c0 (LWP 18476) exited]
[Thread 0x7fff4c7f76c0 (LWP 18475) exited]
[Thread 0x7fff4d3fd6c0 (LWP 18474) exited]
[Thread 0x7fff4c9f86c0 (LWP 18473) exited]
[Thread 0x7fff4d7ff6c0 (LWP 18472) exited]
[Thread 0x7fff5463f6c0 (LWP 18471) exited]
[Thread 0x7fff4cdfa6c0 (LWP 18470) exited]
[Thread 0x7fff54c426c0 (LWP 18469) exited]
[Thread 0x7fff550446c0 (LWP 18468) exited]
[Thread 0x7fff4d5fe6c0 (LWP 18467) exited]
[Thread 0x7fff54a416c0 (LWP 18466) exited]
[Thread 0x7fff559f96c0 (LWP 18465) exited]
[Thread 0x7fff557f86c0 (LWP 18464) exited]
[Thread 0x7fff4cbf96c0 (LWP 18463) exited]
[Thread 0x7fff548406c0 (LWP 18462) exited]
[Thread 0x7fff4c3f56c0 (LWP 18461) exited]
[Thread 0x7fff5443e6c0 (LWP 18460) exited]
[Thread 0x7fff54e436c0 (LWP 18458) exited]
[Thread 0x7fff4cffb6c0 (LWP 18457) exited]
[Thread 0x7fff4d1fc6c0 (LWP 18456) exited]
[Thread 0x7fff5423d6c0 (LWP 18455) exited]
[Thread 0x7fff555f76c0 (LWP 18459) exited]
[New Thread 0x7fff555f76c0 (LWP 18478)]
[New Thread 0x7fff4cbf96c0 (LWP 18479)]
[New Thread 0x7fff4d1fc6c0 (LWP 18480)]
[New Thread 0x7fff548406c0 (LWP 18481)]
[New Thread 0x7fff559f96c0 (LWP 18482)]
[New Thread 0x7fff4c3f56c0 (LWP 18483)]
[New Thread 0x7fff4d7ff6c0 (LWP 18484)]
[New Thread 0x7fff4c5f66c0 (LWP 18485)]
[New Thread 0x7fff54a416c0 (LWP 18486)]
[New Thread 0x7fff54c426c0 (LWP 18487)]
[New Thread 0x7fff5443e6c0 (LWP 18488)]
[New Thread 0x7fff550446c0 (LWP 18489)]
[New Thread 0x7fff54e436c0 (LWP 18490)]
[New Thread 0x7fff4d5fe6c0 (LWP 18491)]
[New Thread 0x7fff4c7f76c0 (LWP 18492)]
[New Thread 0x7fff4cdfa6c0 (LWP 18493)]
[New Thread 0x7fff4cffb6c0 (LWP 18494)]
[New Thread 0x7fff4c9f86c0 (LWP 18495)]
[New Thread 0x7fff5423d6c0 (LWP 18496)]
[New Thread 0x7fff557f86c0 (LWP 18497)]
[New Thread 0x7fff5463f6c0 (LWP 18498)]
[New Thread 0x7fff4d3fd6c0 (LWP 18499)]
[Thread 0x7fff5423d6c0 (LWP 18496) exited]
[Thread 0x7fff4d3fd6c0 (LWP 18499) exited]
[Thread 0x7fff557f86c0 (LWP 18497) exited]
[Thread 0x7fff5463f6c0 (LWP 18498) exited]
[Thread 0x7fff4c9f86c0 (LWP 18495) exited]
[Thread 0x7fff4cffb6c0 (LWP 18494) exited]
[Thread 0x7fff4cdfa6c0 (LWP 18493) exited]
[Thread 0x7fff4c7f76c0 (LWP 18492) exited]
[Thread 0x7fff4d5fe6c0 (LWP 18491) exited]
[Thread 0x7fff550446c0 (LWP 18489) exited]
[Thread 0x7fff5443e6c0 (LWP 18488) exited]
[Thread 0x7fff54c426c0 (LWP 18487) exited]
[Thread 0x7fff54e436c0 (LWP 18490) exited]
[Thread 0x7fff54a416c0 (LWP 18486) exited]
[Thread 0x7fff4c5f66c0 (LWP 18485) exited]
[Thread 0x7fff4d7ff6c0 (LWP 18484) exited]
[Thread 0x7fff4c3f56c0 (LWP 18483) exited]
[Thread 0x7fff559f96c0 (LWP 18482) exited]
[Thread 0x7fff548406c0 (LWP 18481) exited]
[Thread 0x7fff4d1fc6c0 (LWP 18480) exited]
[Thread 0x7fff4cbf96c0 (LWP 18479) exited]
[Thread 0x7fff555f76c0 (LWP 18478) exited]
[New Thread 0x7fff54e436c0 (LWP 18501)]
[New Thread 0x7fff4d1fc6c0 (LWP 18502)]
[New Thread 0x7fff5463f6c0 (LWP 18503)]
[New Thread 0x7fff4cbf96c0 (LWP 18504)]
[New Thread 0x7fff4d7ff6c0 (LWP 18505)]
[New Thread 0x7fff557f86c0 (LWP 18506)]
[New Thread 0x7fff4c3f56c0 (LWP 18507)]
[New Thread 0x7fff4d3fd6c0 (LWP 18508)]
[New Thread 0x7fff5443e6c0 (LWP 18509)]
[New Thread 0x7fff4c7f76c0 (LWP 18510)]
[New Thread 0x7fff4c9f86c0 (LWP 18511)]
[New Thread 0x7fff5423d6c0 (LWP 18512)]
[New Thread 0x7fff4d5fe6c0 (LWP 18513)]
[New Thread 0x7fff4cdfa6c0 (LWP 18514)]
[New Thread 0x7fff555f76c0 (LWP 18515)]
[New Thread 0x7fff548406c0 (LWP 18516)]
[New Thread 0x7fff4c5f66c0 (LWP 18517)]
[New Thread 0x7fff4cffb6c0 (LWP 18518)]
[New Thread 0x7fff54a416c0 (LWP 18519)]
[New Thread 0x7fff559f96c0 (LWP 18520)]
[New Thread 0x7fff550446c0 (LWP 18521)]
[New Thread 0x7fff54c426c0 (LWP 18522)]
[Thread 0x7fff54c426c0 (LWP 18522) exited]
[Thread 0x7fff550446c0 (LWP 18521) exited]
[Thread 0x7fff559f96c0 (LWP 18520) exited]
[Thread 0x7fff54a416c0 (LWP 18519) exited]
[Thread 0x7fff4cffb6c0 (LWP 18518) exited]
[Thread 0x7fff4c5f66c0 (LWP 18517) exited]
[Thread 0x7fff548406c0 (LWP 18516) exited]
[Thread 0x7fff555f76c0 (LWP 18515) exited]
[Thread 0x7fff4d5fe6c0 (LWP 18513) exited]
[Thread 0x7fff4c9f86c0 (LWP 18511) exited]
[Thread 0x7fff4c7f76c0 (LWP 18510) exited]
[Thread 0x7fff5443e6c0 (LWP 18509) exited]
[Thread 0x7fff4d3fd6c0 (LWP 18508) exited]
[Thread 0x7fff4c3f56c0 (LWP 18507) exited]
[Thread 0x7fff557f86c0 (LWP 18506) exited]
[Thread 0x7fff4d7ff6c0 (LWP 18505) exited]
[Thread 0x7fff4cbf96c0 (LWP 18504) exited]
[Thread 0x7fff5463f6c0 (LWP 18503) exited]
[Thread 0x7fff4d1fc6c0 (LWP 18502) exited]
[Thread 0x7fff54e436c0 (LWP 18501) exited]
[Thread 0x7fff5423d6c0 (LWP 18512) exited]
[Thread 0x7fff4cdfa6c0 (LWP 18514) exited]
[New Thread 0x7fff4cdfa6c0 (LWP 18524)]
[New Thread 0x7fff5423d6c0 (LWP 18525)]
[New Thread 0x7fff4d5fe6c0 (LWP 18526)]
[New Thread 0x7fff4d3fd6c0 (LWP 18527)]
[New Thread 0x7fff559f96c0 (LWP 18528)]
[New Thread 0x7fff4d7ff6c0 (LWP 18529)]
[New Thread 0x7fff555f76c0 (LWP 18530)]
[New Thread 0x7fff4cbf96c0 (LWP 18531)]
[New Thread 0x7fff4c5f66c0 (LWP 18532)]
[New Thread 0x7fff4c9f86c0 (LWP 18533)]
[New Thread 0x7fff4cffb6c0 (LWP 18534)]
[New Thread 0x7fff548406c0 (LWP 18535)]
[New Thread 0x7fff557f86c0 (LWP 18536)]
[New Thread 0x7fff54a416c0 (LWP 18537)]
[New Thread 0x7fff4c3f56c0 (LWP 18538)]
[New Thread 0x7fff4d1fc6c0 (LWP 18539)]
[New Thread 0x7fff54c426c0 (LWP 18540)]
[New Thread 0x7fff54e436c0 (LWP 18541)]
[New Thread 0x7fff550446c0 (LWP 18542)]
[New Thread 0x7fff5463f6c0 (LWP 18543)]
[New Thread 0x7fff5443e6c0 (LWP 18544)]
[New Thread 0x7fff4c7f76c0 (LWP 18545)]
[Thread 0x7fff4c7f76c0 (LWP 18545) exited]
[Thread 0x7fff5463f6c0 (LWP 18543) exited]
[Thread 0x7fff550446c0 (LWP 18542) exited]
[Thread 0x7fff54e436c0 (LWP 18541) exited]
[Thread 0x7fff54c426c0 (LWP 18540) exited]
[Thread 0x7fff4d1fc6c0 (LWP 18539) exited]
[Thread 0x7fff4c3f56c0 (LWP 18538) exited]
[Thread 0x7fff54a416c0 (LWP 18537) exited]
[Thread 0x7fff557f86c0 (LWP 18536) exited]
[Thread 0x7fff548406c0 (LWP 18535) exited]
[Thread 0x7fff4cffb6c0 (LWP 18534) exited]
[Thread 0x7fff4c9f86c0 (LWP 18533) exited]
[Thread 0x7fff5443e6c0 (LWP 18544) exited]
[Thread 0x7fff4c5f66c0 (LWP 18532) exited]
[Thread 0x7fff4cbf96c0 (LWP 18531) exited]
[Thread 0x7fff555f76c0 (LWP 18530) exited]
[Thread 0x7fff4d7ff6c0 (LWP 18529) exited]
[Thread 0x7fff559f96c0 (LWP 18528) exited]
[Thread 0x7fff4d3fd6c0 (LWP 18527) exited]
[Thread 0x7fff4d5fe6c0 (LWP 18526) exited]
[Thread 0x7fff5423d6c0 (LWP 18525) exited]
[Thread 0x7fff4cdfa6c0 (LWP 18524) exited]
[New Thread 0x7fff5443e6c0 (LWP 18547)]
[New Thread 0x7fff4d7ff6c0 (LWP 18548)]
[New Thread 0x7fff4cffb6c0 (LWP 18549)]
[New Thread 0x7fff5423d6c0 (LWP 18550)]
[New Thread 0x7fff54e436c0 (LWP 18551)]
[New Thread 0x7fff4cbf96c0 (LWP 18552)]
[New Thread 0x7fff559f96c0 (LWP 18553)]
[New Thread 0x7fff550446c0 (LWP 18554)]
[New Thread 0x7fff4c9f86c0 (LWP 18555)]
[New Thread 0x7fff4c3f56c0 (LWP 18556)]
[New Thread 0x7fff555f76c0 (LWP 18557)]
[New Thread 0x7fff4d3fd6c0 (LWP 18558)]
[New Thread 0x7fff4c7f76c0 (LWP 18559)]
[New Thread 0x7fff4d1fc6c0 (LWP 18560)]
[New Thread 0x7fff5463f6c0 (LWP 18561)]
[New Thread 0x7fff54c426c0 (LWP 18562)]
[New Thread 0x7fff4c5f66c0 (LWP 18563)]
[New Thread 0x7fff548406c0 (LWP 18564)]
[New Thread 0x7fff4d5fe6c0 (LWP 18565)]
[New Thread 0x7fff557f86c0 (LWP 18566)]
[New Thread 0x7fff54a416c0 (LWP 18567)]
[New Thread 0x7fff4cdfa6c0 (LWP 18568)]
[Thread 0x7fff4cdfa6c0 (LWP 18568) exited]
[Thread 0x7fff4d5fe6c0 (LWP 18565) exited]
[Thread 0x7fff54a416c0 (LWP 18567) exited]
[Thread 0x7fff548406c0 (LWP 18564) exited]
[Thread 0x7fff4c5f66c0 (LWP 18563) exited]
[Thread 0x7fff54c426c0 (LWP 18562) exited]
[Thread 0x7fff5463f6c0 (LWP 18561) exited]
[Thread 0x7fff4d1fc6c0 (LWP 18560) exited]
[Thread 0x7fff4c7f76c0 (LWP 18559) exited]
[Thread 0x7fff4d3fd6c0 (LWP 18558) exited]
[Thread 0x7fff555f76c0 (LWP 18557) exited]
[Thread 0x7fff4c3f56c0 (LWP 18556) exited]
[Thread 0x7fff4c9f86c0 (LWP 18555) exited]
[Thread 0x7fff550446c0 (LWP 18554) exited]
[Thread 0x7fff559f96c0 (LWP 18553) exited]
[Thread 0x7fff4cbf96c0 (LWP 18552) exited]
[Thread 0x7fff5423d6c0 (LWP 18550) exited]
[Thread 0x7fff54e436c0 (LWP 18551) exited]
[Thread 0x7fff4cffb6c0 (LWP 18549) exited]
[Thread 0x7fff4d7ff6c0 (LWP 18548) exited]
[Thread 0x7fff5443e6c0 (LWP 18547) exited]
[Thread 0x7fff557f86c0 (LWP 18566) exited]
[New Thread 0x7fff54e436c0 (LWP 18570)]
[New Thread 0x7fff54a416c0 (LWP 18571)]
[New Thread 0x7fff550446c0 (LWP 18572)]
[New Thread 0x7fff4c7f76c0 (LWP 18573)]
[New Thread 0x7fff559f96c0 (LWP 18574)]
[New Thread 0x7fff4cdfa6c0 (LWP 18575)]
[New Thread 0x7fff4c5f66c0 (LWP 18576)]
[New Thread 0x7fff5423d6c0 (LWP 18577)]
[New Thread 0x7fff4d1fc6c0 (LWP 18578)]
[New Thread 0x7fff4d3fd6c0 (LWP 18579)]
[New Thread 0x7fff4d7ff6c0 (LWP 18580)]
[New Thread 0x7fff4cffb6c0 (LWP 18581)]
[New Thread 0x7fff4c9f86c0 (LWP 18582)]
[New Thread 0x7fff555f76c0 (LWP 18583)]
[New Thread 0x7fff4d5fe6c0 (LWP 18584)]
[New Thread 0x7fff557f86c0 (LWP 18585)]
[New Thread 0x7fff548406c0 (LWP 18586)]
[New Thread 0x7fff54c426c0 (LWP 18587)]
[New Thread 0x7fff5463f6c0 (LWP 18588)]
[New Thread 0x7fff5443e6c0 (LWP 18589)]
[New Thread 0x7fff4cbf96c0 (LWP 18590)]
[New Thread 0x7fff4c3f56c0 (LWP 18591)]
[Thread 0x7fff4c3f56c0 (LWP 18591) exited]
[Thread 0x7fff4cbf96c0 (LWP 18590) exited]
[Thread 0x7fff5443e6c0 (LWP 18589) exited]
[Thread 0x7fff5463f6c0 (LWP 18588) exited]
[Thread 0x7fff54c426c0 (LWP 18587) exited]
[Thread 0x7fff548406c0 (LWP 18586) exited]
[Thread 0x7fff557f86c0 (LWP 18585) exited]
[Thread 0x7fff4d5fe6c0 (LWP 18584) exited]
[Thread 0x7fff555f76c0 (LWP 18583) exited]
[Thread 0x7fff4c9f86c0 (LWP 18582) exited]
[Thread 0x7fff4cffb6c0 (LWP 18581) exited]
[Thread 0x7fff4d7ff6c0 (LWP 18580) exited]
[Thread 0x7fff4d3fd6c0 (LWP 18579) exited]
[Thread 0x7fff4d1fc6c0 (LWP 18578) exited]
[Thread 0x7fff5423d6c0 (LWP 18577) exited]
[Thread 0x7fff4c5f66c0 (LWP 18576) exited]
[Thread 0x7fff4cdfa6c0 (LWP 18575) exited]
[Thread 0x7fff559f96c0 (LWP 18574) exited]
[Thread 0x7fff4c7f76c0 (LWP 18573) exited]
[Thread 0x7fff550446c0 (LWP 18572) exited]
[Thread 0x7fff54a416c0 (LWP 18571) exited]
[Thread 0x7fff54e436c0 (LWP 18570) exited]
[New Thread 0x7ffedffff6c0 (LWP 18592)]
[New Thread 0x7ffedf7fe6c0 (LWP 18593)]
[New Thread 0x7ffedeffd6c0 (LWP 18594)]
[Thread 0x7fff55ffc6c0 (LWP 17888) exited]
[Thread 0x7fff55dfb6c0 (LWP 17889) exited]
[Thread 0x7ffedeffd6c0 (LWP 18594) exited]
[New Thread 0x7fff55dfb6c0 (LWP 18598)]
[New Thread 0x7fff55ffc6c0 (LWP 18601)]
[New Thread 0x7fff4cbf96c0 (LWP 18602)]
[New Thread 0x7fff550446c0 (LWP 18603)]
[New Thread 0x7fff5443e6c0 (LWP 18604)]
[New Thread 0x7fff5463f6c0 (LWP 18605)]
[New Thread 0x7fff54a416c0 (LWP 18606)]
[New Thread 0x7fff4c3f56c0 (LWP 18607)]
[New Thread 0x7fff4d1fc6c0 (LWP 18608)]
[New Thread 0x7fff559f96c0 (LWP 18609)]
[New Thread 0x7fff4d7ff6c0 (LWP 18610)]
[New Thread 0x7fff54c426c0 (LWP 18611)]
[New Thread 0x7fff4d5fe6c0 (LWP 18612)]
[New Thread 0x7fff4cdfa6c0 (LWP 18613)]
[New Thread 0x7fff4c9f86c0 (LWP 18614)]
[New Thread 0x7ffedeffd6c0 (LWP 18615)]
[New Thread 0x7fff570b66c0 (LWP 18616)]
[New Thread 0x7fff56eb56c0 (LWP 18617)]
[New Thread 0x7fff56cb46c0 (LWP 18618)]
[New Thread 0x7fff56ab36c0 (LWP 18619)]
[New Thread 0x7fff568b26c0 (LWP 18620)]
[New Thread 0x7fff566b16c0 (LWP 18621)]
[New Thread 0x7fff557f86c0 (LWP 18622)]
[Thread 0x7fff557f86c0 (LWP 18622) exited]
[Thread 0x7fff566b16c0 (LWP 18621) exited]
[Thread 0x7fff56cb46c0 (LWP 18618) exited]
[Thread 0x7fff56eb56c0 (LWP 18617) exited]
[Thread 0x7fff570b66c0 (LWP 18616) exited]
[Thread 0x7ffedeffd6c0 (LWP 18615) exited]
[Thread 0x7fff4c9f86c0 (LWP 18614) exited]
[Thread 0x7fff4cdfa6c0 (LWP 18613) exited]
[Thread 0x7fff54c426c0 (LWP 18611) exited]
[Thread 0x7fff4d7ff6c0 (LWP 18610) exited]
[Thread 0x7fff559f96c0 (LWP 18609) exited]
[Thread 0x7fff4c3f56c0 (LWP 18607) exited]
[Thread 0x7fff5443e6c0 (LWP 18604) exited]
[Thread 0x7fff4cbf96c0 (LWP 18602) exited]
[Thread 0x7fff55ffc6c0 (LWP 18601) exited]
[Thread 0x7fff568b26c0 (LWP 18620) exited]
[Thread 0x7fff5463f6c0 (LWP 18605) exited]
[Thread 0x7fff550446c0 (LWP 18603) exited]
[Thread 0x7fff54a416c0 (LWP 18606) exited]
[Thread 0x7fff56ab36c0 (LWP 18619) exited]
[Thread 0x7fff4d5fe6c0 (LWP 18612) exited]
[Thread 0x7fff4d1fc6c0 (LWP 18608) exited]
[New Thread 0x7fff4d1fc6c0 (LWP 18624)]
[New Thread 0x7fff4d5fe6c0 (LWP 18625)]
[New Thread 0x7fff56ab36c0 (LWP 18626)]
[New Thread 0x7fff54a416c0 (LWP 18627)]
[New Thread 0x7fff550446c0 (LWP 18628)]
[New Thread 0x7fff5463f6c0 (LWP 18629)]
[New Thread 0x7fff4cdfa6c0 (LWP 18630)]
[New Thread 0x7fff4d7ff6c0 (LWP 18631)]
[New Thread 0x7fff568b26c0 (LWP 18632)]
[New Thread 0x7fff56eb56c0 (LWP 18633)]
[New Thread 0x7fff4c9f86c0 (LWP 18634)]
[New Thread 0x7fff559f96c0 (LWP 18635)]
[New Thread 0x7fff566b16c0 (LWP 18636)]
[New Thread 0x7fff570b66c0 (LWP 18637)]
[New Thread 0x7fff54c426c0 (LWP 18638)]
[New Thread 0x7fff55ffc6c0 (LWP 18639)]
[New Thread 0x7fff557f86c0 (LWP 18640)]
[New Thread 0x7fff56cb46c0 (LWP 18641)]
[New Thread 0x7fff555f76c0 (LWP 18642)]
[New Thread 0x7fff54e436c0 (LWP 18643)]
[New Thread 0x7fff548406c0 (LWP 18644)]
[New Thread 0x7fff5443e6c0 (LWP 18645)]
[Thread 0x7fff548406c0 (LWP 18644) exited]
[Thread 0x7fff555f76c0 (LWP 18642) exited]
[Thread 0x7fff56cb46c0 (LWP 18641) exited]
[Thread 0x7fff557f86c0 (LWP 18640) exited]
[Thread 0x7fff54c426c0 (LWP 18638) exited]
[Thread 0x7fff570b66c0 (LWP 18637) exited]
[Thread 0x7fff566b16c0 (LWP 18636) exited]
[Thread 0x7fff559f96c0 (LWP 18635) exited]
[Thread 0x7fff4c9f86c0 (LWP 18634) exited]
[Thread 0x7fff56eb56c0 (LWP 18633) exited]
[Thread 0x7fff568b26c0 (LWP 18632) exited]
[Thread 0x7fff4d7ff6c0 (LWP 18631) exited]
[Thread 0x7fff4cdfa6c0 (LWP 18630) exited]
[Thread 0x7fff5463f6c0 (LWP 18629) exited]
[Thread 0x7fff550446c0 (LWP 18628) exited]
[Thread 0x7fff54a416c0 (LWP 18627) exited]
[Thread 0x7fff56ab36c0 (LWP 18626) exited]
[Thread 0x7fff4d5fe6c0 (LWP 18625) exited]
[Thread 0x7fff4d1fc6c0 (LWP 18624) exited]
[Thread 0x7fff5443e6c0 (LWP 18645) exited]
[Thread 0x7fff54e436c0 (LWP 18643) exited]
[Thread 0x7fff55ffc6c0 (LWP 18639) exited]
[New Thread 0x7fff55ffc6c0 (LWP 18647)]
[New Thread 0x7fff54e436c0 (LWP 18648)]
[New Thread 0x7fff5443e6c0 (LWP 18649)]
[New Thread 0x7fff566b16c0 (LWP 18650)]
[New Thread 0x7fff54a416c0 (LWP 18651)]
[New Thread 0x7fff550446c0 (LWP 18652)]
[New Thread 0x7fff4c9f86c0 (LWP 18653)]
[New Thread 0x7fff5463f6c0 (LWP 18654)]
[New Thread 0x7fff4d7ff6c0 (LWP 18655)]
[New Thread 0x7fff56cb46c0 (LWP 18656)]
[New Thread 0x7fff56ab36c0 (LWP 18657)]
[New Thread 0x7fff56eb56c0 (LWP 18658)]
[New Thread 0x7fff568b26c0 (LWP 18659)]
[New Thread 0x7fff570b66c0 (LWP 18660)]
[New Thread 0x7fff54c426c0 (LWP 18661)]
[New Thread 0x7fff555f76c0 (LWP 18662)]
[New Thread 0x7fff4d1fc6c0 (LWP 18663)]
[New Thread 0x7fff548406c0 (LWP 18664)]
[New Thread 0x7fff559f96c0 (LWP 18665)]
[New Thread 0x7fff557f86c0 (LWP 18666)]
[New Thread 0x7fff5423d6c0 (LWP 18667)]
[New Thread 0x7fff4ebff6c0 (LWP 18668)]
[Thread 0x7fff4ebff6c0 (LWP 18668) exited]
[Thread 0x7fff5423d6c0 (LWP 18667) exited]
[Thread 0x7fff557f86c0 (LWP 18666) exited]
[Thread 0x7fff559f96c0 (LWP 18665) exited]
[Thread 0x7fff548406c0 (LWP 18664) exited]
[Thread 0x7fff4d1fc6c0 (LWP 18663) exited]
[Thread 0x7fff555f76c0 (LWP 18662) exited]
[Thread 0x7fff54c426c0 (LWP 18661) exited]
[Thread 0x7fff570b66c0 (LWP 18660) exited]
[Thread 0x7fff568b26c0 (LWP 18659) exited]
[Thread 0x7fff56ab36c0 (LWP 18657) exited]
[Thread 0x7fff56cb46c0 (LWP 18656) exited]
[Thread 0x7fff4d7ff6c0 (LWP 18655) exited]
[Thread 0x7fff5463f6c0 (LWP 18654) exited]
[Thread 0x7fff550446c0 (LWP 18652) exited]
[Thread 0x7fff54a416c0 (LWP 18651) exited]
[Thread 0x7fff566b16c0 (LWP 18650) exited]
[Thread 0x7fff5443e6c0 (LWP 18649) exited]
[Thread 0x7fff54e436c0 (LWP 18648) exited]
[Thread 0x7fff55ffc6c0 (LWP 18647) exited]
[Thread 0x7fff4c9f86c0 (LWP 18653) exited]
[Thread 0x7fff56eb56c0 (LWP 18658) exited]
[Thread 0x7fff55dfb6c0 (LWP 18598) exited]
[Thread 0x7ffedf7fe6c0 (LWP 18593) exited]
[Thread 0x7fffe97fc6c0 (LWP 17816) exited]
[Thread 0x7ffedffff6c0 (LWP 18592) exited]
[Thread 0x7fff55bfa6c0 (LWP 17893) exited]
[Thread 0x7fff57fff6c0 (LWP 17882) exited]
[Thread 0x7fff710f56c0 (LWP 17880) exited]
[Thread 0x7fff718f66c0 (LWP 17879) exited]
[Thread 0x7fffc49fe6c0 (LWP 17826) exited]
[Thread 0x7fffd8dfd6c0 (LWP 17824) exited]
[Thread 0x7fffb79ff6c0 (LWP 17827) exited]
[Thread 0x7fff708f46c0 (LWP 17881) exited]
[Thread 0x7fffc51ff6c0 (LWP 17825) exited]
[New Thread 0x7fff718f66c0 (LWP 19349)]
[New Thread 0x7fff57fff6c0 (LWP 19350)]
[New Thread 0x7fff708f46c0 (LWP 19351)]
[New Thread 0x7fffb79ff6c0 (LWP 19352)]
[New Thread 0x7fffc51ff6c0 (LWP 19353)]
[New Thread 0x7fffd8dfd6c0 (LWP 19354)]
[New Thread 0x7fff710f56c0 (LWP 19355)]
[New Thread 0x7fffc49fe6c0 (LWP 19356)]
[New Thread 0x7ffedffff6c0 (LWP 19357)]
[New Thread 0x7fffe97fc6c0 (LWP 19358)]
[New Thread 0x7ffedf7fe6c0 (LWP 19359)]
[New Thread 0x7fff577fe6c0 (LWP 19360)]
[Thread 0x7ffedf7fe6c0 (LWP 19359) exited]
[Thread 0x7fffe97fc6c0 (LWP 19358) exited]
[Thread 0x7ffedffff6c0 (LWP 19357) exited]
[New Thread 0x7ffedffff6c0 (LWP 19367)]
[Thread 0x7fff577fe6c0 (LWP 19360) exited]
[Thread 0x7ffedffff6c0 (LWP 19367) exited]
[Thread 0x7fffc49fe6c0 (LWP 19356) exited]
[Thread 0x7fffc51ff6c0 (LWP 19353) exited]
[Thread 0x7fff57fff6c0 (LWP 19350) exited]
[Thread 0x7fffd8dfd6c0 (LWP 19354) exited]
[Thread 0x7fff708f46c0 (LWP 19351) exited]
[Thread 0x7fffb79ff6c0 (LWP 19352) exited]
[Thread 0x7fff710f56c0 (LWP 19355) exited]
[Thread 0x7fff718f66c0 (LWP 19349) exited]
[New Thread 0x7fffc49fe6c0 (LWP 19526)]
[New Thread 0x7fff57fff6c0 (LWP 19527)]
[New Thread 0x7fff708f46c0 (LWP 19528)]
[New Thread 0x7fffd8dfd6c0 (LWP 19529)]
[New Thread 0x7fffc51ff6c0 (LWP 19530)]
[New Thread 0x7fff718f66c0 (LWP 19531)]
[New Thread 0x7fffb79ff6c0 (LWP 19532)]
[New Thread 0x7fff710f56c0 (LWP 19533)]
[Thread 0x7fffb79ff6c0 (LWP 19532) exited]
[Thread 0x7fff710f56c0 (LWP 19533) exited]
[Thread 0x7fff718f66c0 (LWP 19531) exited]
[Thread 0x7fffc51ff6c0 (LWP 19530) exited]
[Thread 0x7fffd8dfd6c0 (LWP 19529) exited]
[Thread 0x7fff708f46c0 (LWP 19528) exited]
[Thread 0x7fff57fff6c0 (LWP 19527) exited]
[Thread 0x7fffc49fe6c0 (LWP 19526) exited]
[New Thread 0x7fffb79ff6c0 (LWP 20135)]
[New Thread 0x7fff57fff6c0 (LWP 20136)]
[New Thread 0x7fffc49fe6c0 (LWP 20137)]
[New Thread 0x7fff718f66c0 (LWP 20138)]
[New Thread 0x7fffc51ff6c0 (LWP 20139)]
[New Thread 0x7fffd8dfd6c0 (LWP 20140)]
[New Thread 0x7fff708f46c0 (LWP 20146)]
[New Thread 0x7fff710f56c0 (LWP 20147)]
[Thread 0x7fff710f56c0 (LWP 20147) exited]
[Thread 0x7fff708f46c0 (LWP 20146) exited]
[Thread 0x7fffd8dfd6c0 (LWP 20140) exited]
[Thread 0x7fffc51ff6c0 (LWP 20139) exited]
[Thread 0x7fffc49fe6c0 (LWP 20137) exited]
[Thread 0x7fff57fff6c0 (LWP 20136) exited]
[Thread 0x7fffb79ff6c0 (LWP 20135) exited]
[Thread 0x7fff718f66c0 (LWP 20138) exited]
[New Thread 0x7fffb79ff6c0 (LWP 20555)]
[New Thread 0x7fff57fff6c0 (LWP 20556)]
[New Thread 0x7fffc51ff6c0 (LWP 20557)]
[New Thread 0x7fff710f56c0 (LWP 20558)]
[New Thread 0x7fffc49fe6c0 (LWP 20559)]
[New Thread 0x7fff708f46c0 (LWP 20560)]
[New Thread 0x7fffd8dfd6c0 (LWP 20561)]
[New Thread 0x7fff718f66c0 (LWP 20562)]
[New Thread 0x7ffedffff6c0 (LWP 20563)]
[New Thread 0x7fff577fe6c0 (LWP 20564)]
[New Thread 0x7ffedf7fe6c0 (LWP 20565)]
[New Thread 0x7fff56ffd6c0 (LWP 20566)]
[Thread 0x7fff56ffd6c0 (LWP 20566) exited]
[Thread 0x7fff577fe6c0 (LWP 20564) exited]
[Thread 0x7ffedffff6c0 (LWP 20563) exited]
[Thread 0x7ffedf7fe6c0 (LWP 20565) exited]
[Thread 0x7fff708f46c0 (LWP 20560) exited]
[Thread 0x7fff718f66c0 (LWP 20562) exited]
[Thread 0x7fffd8dfd6c0 (LWP 20561) exited]
[Thread 0x7fffc49fe6c0 (LWP 20559) exited]
[Thread 0x7fff710f56c0 (LWP 20558) exited]
[Thread 0x7fffc51ff6c0 (LWP 20557) exited]
[Thread 0x7fff57fff6c0 (LWP 20556) exited]
[Thread 0x7fffb79ff6c0 (LWP 20555) exited]
